/----------------------------------------------------------\
|      _   __ ______ __ __  ______  ______   __  _____     |
|     / | / // ____// //_/ / ____/ / __ _ / / _|/ __  /    |
|    /  |/ // __/  / ,<   / /     / /__/   / / / / / /     |
|   / /|  // /___ / /| | / /_ _  / /___   /_/ / / / /      |
|  /_/ |_//_____//_/ |_|/_____/ /______/ /_/ /_/ /_/       |
|                                                          |
|----------------------------------------------------------|
|                                                          |
| NekCEM :  Nek5000 for Computational ElectroMagnetics     |
|           Open Source Spectal Element DG Maxwell Solver  |
| Source :  https://svn.mcs.anl.gov/repos/NEKCEM           |
|                                                          |
\----------------------------------------------------------/
                                                              

 MPI_thread safety check: required=    3, provided=*****
 Number of processors:            2
 REAL    wdsize      :            8
 INTEGER wdsize      :            4
 call data_init2
 IFCEM=   T
 
 Preprocessor options::  
   MOAB off at compile time
   MPI on: -DNO_MPI not defined
   GPU off at compile time
   OpenMP off: -DOMP not defined
 
 Mesh options:: 
   IFHEX=   T  (hexahedral )
   IFTET=   F  (tetrahedral)
 
 Available basis:: 
   IFDG     =   T  (SEDG   )
   IFNEDELEC=   F  (Nedelec)


  Beginning session:
  /tmp/work/azamat/NEKCEM/trunk/examples/gpu1.5G_N=8/3dbox.rea                  

 
 done: data_init2::   3.7240982055664063E-003  sec
 call read_init2
 timer accuracy:   1.9073486E-07 sec

 open .rea file
 param            1   2.9979200000000000E+017
 param            2   8.8541999999999999E-021
 param            3   1.2565999999999999E-015
 param            4    1.000000000000000     
 param            5    0.000000000000000     
 param            6    0.000000000000000     
 param            7    0.000000000000000     
 param            8    0.000000000000000     
 param            9    0.000000000000000     
 param           10   1.0000000000000000E+020
 param           11    10.00000000000000     
 param           12   0.2000000000000000     
 param           13    10.00000000000000     
 param           14    0.000000000000000     
 param           15    10.00000000000000     
 param           16    1.000000000000000     
 param           17    0.000000000000000     
 param           18    0.000000000000000     
 param           19    0.000000000000000     
 param           20    5.000000000000000     
 param           21    0.000000000000000     
 param           22    0.000000000000000     
 param           23    0.000000000000000     
 param           24    0.000000000000000     
 param           25    0.000000000000000     
 param           26    0.000000000000000     
 param           27    3.000000000000000     
 param           28    0.000000000000000     
 param           29    0.000000000000000     
 param           30    0.000000000000000     
 param           31    0.000000000000000     
 param           32    0.000000000000000     
 param           33    0.000000000000000     
 param           34    0.000000000000000     
 param           35    0.000000000000000     
 param           36    0.000000000000000     
 param           37    0.000000000000000     
 param           38    0.000000000000000     
 param           39    0.000000000000000     
 param           40    0.000000000000000     
 param           41    0.000000000000000     
 param           42    0.000000000000000     
 param           43    0.000000000000000     
 param           44    0.000000000000000     
 param           45    0.000000000000000     
 param           46    0.000000000000000     
 param           47    0.000000000000000     
 param           48    0.000000000000000     
 param           49   0.1400000000000000     
 param           50    0.000000000000000     
 param           51    0.000000000000000     
 param           52    0.000000000000000     
 param           53    0.000000000000000     
 param           54    0.000000000000000     
 param           55    0.000000000000000     
 param           56    0.000000000000000     
 param           57    0.000000000000000     
 param           58    0.000000000000000     
 param           59    0.000000000000000     
 param           60    0.000000000000000     
 param           61    0.000000000000000     
 param           62    0.000000000000000     
 param           63    0.000000000000000     
 param           64    0.000000000000000     
 param           65    0.000000000000000     
 param           66    0.000000000000000     
 param           67    0.000000000000000     
 param           68    0.000000000000000     
 param           69    0.000000000000000     
 param           70    0.000000000000000     
 param           71    0.000000000000000     
 param           72    0.000000000000000     
 param           73    0.000000000000000     
 param           74    0.000000000000000     
 param           75    0.000000000000000     
 param           76    0.000000000000000     
 param           77    1.000000000000000     
 param           78    2.000000000000000     
 param           79   1.0000000000000001E-005
 param           80    4.000000000000000     
 param           81    0.000000000000000     
 param           82    1.000000000000000     
 param           83    0.000000000000000     
 param           84    0.000000000000000     
 param           85    0.000000000000000     
 param           86    0.000000000000000     
 param           87    0.000000000000000     
 param           88    0.000000000000000     
 param           89    0.000000000000000     
 param           90    0.000000000000000     
 param           91    0.000000000000000     
 param           92    0.000000000000000     
 param           93    1.000000000000000     
 param           94    0.000000000000000     
 param           95    0.000000000000000     
 param           96    0.000000000000000     
 param           97    0.000000000000000     
 param           98    0.000000000000000     
 param           99    0.000000000000000     
 param          100    0.000000000000000     
 param          101    0.000000000000000     
 param          102    0.000000000000000     
 param          103    0.000000000000000     
 nelgt/nelgv/lelt:       27       27      505
 lx1  /lx2  /lx3 :        8        8        8
 gfdm/ifgtp/ifre2  F  T  F
 start reading mesh
 opening file:
dummy.rea                                                                                                                           
3                                                                                                                                   
1                      number of fields                                                                                             
#                                                                                                                                   
#    comments                                                                                                                       
#                                                                                                                                   
#                                                                                                                                   
#========================================================                                                                           
#                                                                                                                                   
Box                                                                                                                                 
-10 -10 -10 (number of elements in x,y,z)                                                                                           
Reading  1000 =    10    10    10 elements for box  1.
-1   1   1              (x0,x1,gain)                                                                                                
-1   1   1              (x0,x1,gain)                                                                                                
-1   1   1              (x0,x1,gain)                                                                                                
 this is ifld01:            2            2
P  ,P  ,P  ,P  ,P  ,P          (bc's)                                                                                               
   3   6getcv:P  
   3   6getcv:P  
   3   6getcv:P  
   3   6getcv:P  
   3   6getcv:P  
   3   6getcv:P  
 CBC2P  P  P  P  P  P              2
 Beginning construction of new mesh.         1000           10           10 
           10
 call   mapelpr, mapping elements to processors
 call   set_proc_map()
 ifgtp/gfdm/zper  T  F  F
 done:: set_proc_map()
 RANK     0 IEG       1       2       3       4       5       6       7       8
                      9      10      11      12      13      14      15      16
                     17      18      19      20      21      22      23      24
                     25      26      27      28      29      30      31      32
                     33      34      35      36      37      38      39      40
                     41      42      43      44      45      46      47      48
                     49      50      51      52      53      54      55      56
                     57      58      59      60      61      62      63      64
                     65      66      67      68      69      70      71      72
                     73      74      75      76      77      78      79      80
                     81      82      83      84      85      86      87      88
                     89      90      91      92      93      94      95      96
                     97      98      99     100     101     102     103     104
                    105     106     107     108     109     110     111     112
                    113     114     115     116     117     118     119     120
                    121     122     123     124     125     126     127     128
                    129     130     131     132     133     134     135     136
                    137     138     139     140     141     142     143     144
                    145     146     147     148     149     150     151     152
                    153     154     155     156     157     158     159     160
                    161     162     163     164     165     166     167     168
                    169     170     171     172     173     174     175     176
                    177     178     179     180     181     182     183     184
                    185     186     187     188     189     190     191     192
                    193     194     195     196     197     198     199     200
                    201     202     203     204     205     206     207     208
                    209     210     211     212     213     214     215     216
                    217     218     219     220     221     222     223     224
                    225     226     227     228     229     230     231     232
                    233     234     235     236     237     238     239     240
                    241     242     243     244     245     246     247     248
                    249     250     251     252     253     254     255     256
                    257     258     259     260     261     262     263     264
                    265     266     267     268     269     270     271     272
                    273     274     275     276     277     278     279     280
                    281     282     283     284     285     286     287     288
                    289     290     291     292     293     294     295     296
                    297     298     299     300     301     302     303     304
                    305     306     307     308     309     310     311     312
                    313     314     315     316     317     318     319     320
                    321     322     323     324     325     326     327     328
                    329     330     331     332     333     334     335     336
                    337     338     339     340     341     342     343     344
                    345     346     347     348     349     350     351     352
                    353     354     355     356     357     358     359     360
                    361     362     363     364     365     366     367     368
                    369     370     371     372     373     374     375     376
                    377     378     379     380     381     382     383     384
                    385     386     387     388     389     390     391     392
                    393     394     395     396     397     398     399     400
                    401     402     403     404     405     406     407     408
                    409     410     411     412     413     414     415     416
                    417     418     419     420     421     422     423     424
                    425     426     427     428     429     430     431     432
                    433     434     435     436     437     438     439     440
                    441     442     443     444     445     446     447     448
                    449     450     451     452     453     454     455     456
                    457     458     459     460     461     462     463     464
                    465     466     467     468     469     470     471     472
                    473     474     475     476     477     478     479     480
                    481     482     483     484     485     486     487     488
                    489     490     491     492     493     494     495     496
                    497     498     499     500
 element load imbalance:             0          500          500
 done :: mapelpr, mapping elements to processors

 read mesh time:: 4.7068E-02 seconds 
 done :: close .rea file   0.67338E-01 sec

 done: readat2 ::   6.7363023757934570E-002  sec
 call para_init2
 done: para_init2
 setup mesh topology
   Right-handed check complete for1000 elements. OK.
   0   2nid:0,  GTP BC:  P    P    P    P    P    P  
            0          500        15150         3000  Fgbtuple            8
   setvert3d:   8      127000      343000      127000      127000
   call usrsetvert
   done :: usrsetvert

gs_setup: 9800 unique labels shared
   pairwise times (avg, min, max): 1.94073e-05 1.94073e-05 1.94073e-05
   crystal router                : 1.94073e-05 1.94073e-05 1.94073e-05
   all reduce                    : 8.88467e-05 8.87871e-05 8.89063e-05
   used all_to_all method: pairwise
   setup_ds time 1.6298E-01 seconds   0  8      127000        1000
 setup_dgds2:: init
            0          500        15150         3000  Fgbtuple           10
   setvert3d:  10      217000      729000      217000      217000
   call usrsetvert
   done :: usrsetvert

 set_vert time:: 2.1942E-02 seconds 
gs_setup: 12800 unique labels shared
   pairwise times (avg, min, max): 2.3663e-05 2.36034e-05 2.37226e-05
   crystal router                : 2.20537e-05 2.2006e-05 2.21014e-05
   all reduce                    : 0.000111294 0.000111294 0.000111294
   used all_to_all method: crystal router
 gs_setup time:: 1.9983E-01 seconds 
 setup_dsdg2 time:: 2.2385E-01 seconds   1  8      217000        1000
 done :: setup mesh topology
 .
 npts/nelt/nxyz/nxzfl       256000          500          512       192000
 call usrdat
 done :: usrdat

 call set_options
 IFMAXWELL     T
 IFSCHROD      F
 IFDRIFT       F
 IFDRUDE       F
 IFLOREN       F
 IFBEAM        F
 IFWAKE        F
 IFMOVW        F
 IFFILTER      F
 IFNAPY        F
 IFWAKET       F
 IFVARDT       F
 IFPBG         F
 IFDIELEC      F
 IFPOISSON     T
 IFGMRES       T
 IFCG          F
 IFIC          F
 IFSOL         T
 IFSRC         F
 IFSCAT        F
 IFSFTF        F
 IFCENTRAL     F
 IFUPWIND      T
 IFDEALIAS     F
 IFTM          F
 IFTE          T
 IFEIG         F
 IFEXP         F
 IFRK45        T
 IFRK44        F
 IFRK33        F
 IFRK22        F
 IFSIM5        F
 IFSIM4        F
 IFSIM3        F
 IFSIM2        F
 IFSIM1        F
 IFDTCTL       F
 IFPEC         F
 IFPML         F
 IFDTN         F
 IFNM          F
 IFRESTART     F
 
 cspeed   =    1.000000000000000     
 permit_0 =    1.000000000000000     
 permea_0 =    1.000000000000000     
 nmscale  =    1.000000000000000     
 
 done :: set_options

 call setlog
 IFSTRS =  F
 IFCHAR =  F
 IFAXIS =  F
 IFMVBD =  F
 IFMELT =  F
 IFMODEL=  F
 IFKEPS =  F
   
 IFVCOR =  T
 IFINTQ =  F
 IFCWUZ =  F
 IFSWALL=  F
 IFGEOM =  F
 IFSURT =  F
 IFWCNO =  F
 IFCEM  =  T
   
 IFADVC for field            1    =   F
 IFNONL for field            1    =   F
   
 IFADVC for field            2    =   F
 IFNONL for field            2    =   T
 done :: setlog

 call gengeom
 genwz
 gencoor
 geom1
 Vol:    8.000000000006388         8.000000000006388     
 volumn
 setdef
 done :: generate geomerty data
  
 done :: gengeom

 call usrdat2
 done :: usrdat2

 call geom_reset
 this is bm2:   4.9162966879361746E-005
 Vol:    248.0502134424825         248.0502134424825     
 done :: geom_reset

 call set_unr   
 done :: set_unr

  Mesh consistency check, OK.
 call load_semhat_weighted
 done :: load_semhat_weighted

 dofs:                        0       512000        19000
 
 Preprocessor options::  
   hpm off: -DHPM not defined
 

 IFMAXWELL     T
 IFSCHROD      F
 IFDRIFT       F
 IFDRUDE       F
 IFLOREN       F
 IFBEAM        F
 IFWAKE        F
 IFMOVW        F
 IFFILTER      F
 IFNAPY        F
 IFWAKET       F
 IFVARDT       F
 IFPBG         F
 IFDIELEC      F
 IFPOISSON     T
 IFGMRES       T
 IFCG          F
 IFIC          F
 IFSOL         T
 IFSRC         F
 IFSCAT        F
 IFSFTF        F
 IFCENTRAL     F
 IFUPWIND      T
 IFDEALIAS     F
 IFTM          F
 IFTE          T
 IFEIG         F
 IFEXP         F
 IFRK45        T
 IFRK44        F
 IFRK33        F
 IFRK22        F
 IFSIM5        F
 IFSIM4        F
 IFSIM3        F
 IFSIM2        F
 IFSIM1        F
 IFDTCTL       F
 IFPEC         F
 IFPML         F
 IFDTN         F
 IFNM          F
 IFRESTART     F
 
 cspeed   =    1.000000000000000     
 permit_0 =    1.000000000000000     
 permea_0 =    1.000000000000000     
 nmscale  =    1.000000000000000     
 
 start: initialize geom and fields
 done: initialization geom/fields
 start: cem_set_fc_ptr, volume index j=cemface(i)
 done: cem_set_fc_ptr, ncemface=        192000
 npts       256000            8            8            8          500
 permit_max=    1.000000000000000     
 permit_min=    1.000000000000000     
 permea_max=    1.000000000000000     
 permea_min=    1.000000000000000     
 start: cem_maxwell_materials
 done: cem_maxwell_materials
 done: inverse mass matrix
 
 dxmin=   6.4135585523583671E-002
 dt=   1.2827117104716734E-002 , CFL=   0.2000000000000000     
 usersol: done, IFSOL=  T
 userini: done, IFSOL=  T

         0  500   22    7  154   256000 0.000E+00 1.283E-02 0.000E+00 0.000E+00 0.000E+00 0.000E+00 0.000E+00 0.000E+00 0.000E+00 0.00E+00 CPU: L2  
         0  500   22    7  154   256000 0.000E+00 1.283E-02 0.000E+00 0.000E+00 0.000E+00 0.000E+00 0.000E+00 0.000E+00 0.000E+00 0.00E+00 CPU: Linf
 userchk: done, ifrestart=  F
 IFDOUBLE=  T
 param(81)=            0
 param(82)=            1
 param(83)=            0
 dumpno   =            0
 IFRK,IFSIM  T  F
 param(17): defined as     0.000000000000000     
 initial time=    0.000000000000000      , final time= 
   1.0000000000000000E+020
 total nsteps=           10
 iocomm=           10 , iostep=           10
 . 
 ============================
 ========  BEGIN RUN ========
 ============================
 istep=     1    to        10

    istep   nelt  nels  N  npt1    npts   time         dt     HXerr     HYerr     HZerr     EXerr     EYerr     EZerr    cpu_t   cpu_t_pts

         1  500   22    7  154   256000 1.283E-02 1.283E-02 8.877E-12 5.083E-12 5.083E-12 3.255E-14 3.738E-13 3.738E-13 1.091E+00 4.26E-06 CPU: L2  
         1  500   22    7  154   256000 1.283E-02 1.283E-02 2.898E-11 1.671E-11 1.663E-11 1.454E-13 5.624E-12 5.607E-12 1.091E+00 4.26E-06 CPU: Linf

         2  500   22    7  154   256000 2.565E-02 1.283E-02 1.747E-11 9.916E-12 9.916E-12 1.249E-13 1.658E-12 1.658E-12 2.135E+00 4.17E-06 CPU: L2  
         2  500   22    7  154   256000 2.565E-02 1.283E-02 5.653E-11 3.244E-11 3.219E-11 4.800E-13 2.595E-11 2.507E-11 2.135E+00 4.17E-06 CPU: Linf

         3  500   22    7  154   256000 3.848E-02 1.283E-02 2.574E-11 1.448E-11 1.448E-11 2.708E-13 3.846E-12 3.846E-12 3.188E+00 4.15E-06 CPU: L2  
         3  500   22    7  154   256000 3.848E-02 1.283E-02 8.228E-11 4.626E-11 4.563E-11 9.622E-13 6.181E-11 6.164E-11 3.188E+00 4.15E-06 CPU: Linf

         4  500   22    7  154   256000 5.131E-02 1.283E-02 3.362E-11 1.870E-11 1.870E-11 4.614E-13 6.555E-12 6.555E-12 4.243E+00 4.14E-06 CPU: L2  
         4  500   22    7  154   256000 5.131E-02 1.283E-02 1.063E-10 5.975E-11 5.774E-11 1.568E-12 1.040E-10 1.054E-10 4.243E+00 4.14E-06 CPU: Linf

         5  500   22    7  154   256000 6.414E-02 1.283E-02 4.112E-11 2.257E-11 2.257E-11 6.864E-13 9.348E-12 9.348E-12 5.309E+00 4.15E-06 CPU: L2  
         5  500   22    7  154   256000 6.414E-02 1.283E-02 1.289E-10 7.471E-11 7.228E-11 2.290E-12 1.432E-10 1.465E-10 5.309E+00 4.15E-06 CPU: Linf

         6  500   22    7  154   256000 7.696E-02 1.283E-02 4.829E-11 2.616E-11 2.616E-11 9.351E-13 1.192E-11 1.192E-11 6.366E+00 4.14E-06 CPU: L2  
         6  500   22    7  154   256000 7.696E-02 1.283E-02 1.505E-10 9.308E-11 8.925E-11 3.142E-12 1.728E-10 1.777E-10 6.366E+00 4.14E-06 CPU: Linf

         7  500   22    7  154   256000 8.979E-02 1.283E-02 5.521E-11 2.954E-11 2.954E-11 1.198E-12 1.416E-11 1.416E-11 7.425E+00 4.14E-06 CPU: L2  
         7  500   22    7  154   256000 8.979E-02 1.283E-02 1.733E-10 1.091E-10 1.036E-10 4.196E-12 1.892E-10 1.951E-10 7.425E+00 4.14E-06 CPU: Linf

         8  500   22    7  154   256000 1.026E-01 1.283E-02 6.196E-11 3.278E-11 3.278E-11 1.469E-12 1.615E-11 1.615E-11 8.474E+00 4.14E-06 CPU: L2  
         8  500   22    7  154   256000 1.026E-01 1.283E-02 1.964E-10 1.218E-10 1.147E-10 5.372E-12 1.924E-10 1.986E-10 8.474E+00 4.14E-06 CPU: Linf

         9  500   22    7  154   256000 1.154E-01 1.283E-02 6.859E-11 3.594E-11 3.594E-11 1.741E-12 1.805E-11 1.805E-11 9.519E+00 4.13E-06 CPU: L2  
         9  500   22    7  154   256000 1.154E-01 1.283E-02 2.165E-10 1.314E-10 1.225E-10 6.630E-12 1.843E-10 1.902E-10 9.519E+00 4.13E-06 CPU: Linf

        10  500   22    7  154   256000 1.283E-01 1.283E-02 7.513E-11 3.904E-11 3.904E-11 2.012E-12 2.007E-11 2.007E-11 1.057E+01 4.13E-06 CPU: L2  
        10  500   22    7  154   256000 1.283E-01 1.283E-02 2.364E-10 1.386E-10 1.280E-10 7.935E-12 1.684E-10 1.735E-10 1.057E+01 4.13E-06 CPU: Linf

 max timestep=       10; estimated remaining time (min)=      0.00
 
 Preprocessor options::  
 cputime:   2.1359045807835639E-317   2.1359045807835639E-317 
    0.000000000000000     
 
 SRC=F, TM=F, TE=T, CENTRAL=F, UPWIND=T, PML=F, PEC=F EIG=F, EXP=F, RK45=T, RK4=F, RK3=F, RK2=FSIM5=F, SIM4=F, SIM3=F, SIM2=F, SIM1=F
 DEALIAS=F, SCAT=F, SFTF=F, NM=F, DIELEC=F, FILTER=F, SOL=T, POISSON=T, DRUDE=F, LORENTZ=F, WAKE=F, NAPOLY=F, BEAM=F, Dealias_M=  8, Krylov_Dim=  1

 

 setup: time2/time1/time2-time1:: 1.3724E+09 1.3724E+09 1.0787E+00 sec 
 solve: time2/time1/time2-time1:: 1.3724E+09 1.3724E+09 1.1649E+01 sec 
 total: time2/time1/time2-time1:: 1.3724E+09 1.3724E+09 1.2728E+01 sec 
 setup: wtime2/wtime1/wtime2-wtime1:: 0.0000E+00 0.0000E+00 0.0000E+00 sec 
 solve: wtime2/wtime1/wtime2-wtime1:: 0.0000E+00 0.0000E+00 0.0000E+00 sec 
 total: wtime2/wtime1/wtime2-wtime1:: 0.0000E+00 0.0000E+00 0.0000E+00 sec 
 

 call cpu_time: totalu @@     0.000000000000000     
 =======================================
    Job successfully completed !!!!   
 =======================================
 time averaged over np=            2
 setup wtime (avg/nid0/max):: 0.0000E+00 0.0000E+00 0.0000E+00 sec 
 solve wtime (avg/nid0/max):: 0.0000E+00 0.0000E+00 0.0000E+00 sec 
 total wtime (avg/nid0/max):: 0.0000E+00 0.0000E+00 0.0000E+00 sec 
 setup  time (avg/nid0/max):: 1.0788E+00 1.0787E+00 1.0788E+00 sec 
 solve  time (avg/nid0/max):: 1.1649E+01 1.1649E+01 1.1649E+01 sec 
 total  time (avg/nid0/max):: 1.2728E+01 1.2728E+01 1.2728E+01 sec 
 total comp            :: 1.0575E+01 sec 
 total communication   :: 5.3994E-01 sec 
 total io time         :: 0.0000E+00 sec 
 total chk time        :: 5.7001E-02 sec 
 computation   /step   :: 1.0575E+00 sec 
 communication /step   :: 5.3994E-02 sec 
 io time       /step   :: 0.0000E+00 sec 
 comp time /step/pts   :: 4.1307E-06 sec 
 io   time /step/pts   :: 0.0000E+00 sec 
 io swaptime           :: 0.0000E+00 sec 
 io/comp  (/step/pts)  :: 0.0000E+00 %   
 communication/comp    :: 5.1060E+00 %   
 =======================================
 

            0  normal exit.
Application 2789911 resources: utime ~25s, stime ~1s, Rss ~357760, inblocks ~3383, outblocks ~8578
