  WDSIZE: 8
 Number of Processors :: 64
/home/gcobb/nekcem/nekcem/examples/tube-mv/tube.rea /home/gcobb/nekcem/nekcem/examples/tube-mv/tube.map
/home/gcobb/nekcem/nekcem/examples/tube-mv/tube.rea /home/gcobb/nekcem/nekcem/examples/tube-mv/tube.map
/home/gcobb/nekcem/nekcem/examples/tube-mv/tube.rea /home/gcobb/nekcem/nekcem/examples/tube-mv/tube.map
/home/gcobb/nekcem/nekcem/examples/tube-mv/tube.rea /home/gcobb/nekcem/nekcem/examples/tube-mv/tube.map
/home/gcobb/nekcem/nekcem/examples/tube-mv/tube.rea /home/gcobb/nekcem/nekcem/examples/tube-mv/tube.map
/home/gcobb/nekcem/nekcem/examples/tube-mv/tube.rea /home/gcobb/nekcem/nekcem/examples/tube-mv/tube.map
/home/gcobb/nekcem/nekcem/examples/tube-mv/tube.rea /home/gcobb/nekcem/nekcem/examples/tube-mv/tube.map
/home/gcobb/nekcem/nekcem/examples/tube-mv/tube.rea /home/gcobb/nekcem/nekcem/examples/tube-mv/tube.map
/home/gcobb/nekcem/nekcem/examples/tube-mv/tube.rea /home/gcobb/nekcem/nekcem/examples/tube-mv/tube.map
/home/gcobb/nekcem/nekcem/examples/tube-mv/tube.rea /home/gcobb/nekcem/nekcem/examples/tube-mv/tube.map
/home/gcobb/nekcem/nekcem/examples/tube-mv/tube.rea /home/gcobb/nekcem/nekcem/examples/tube-mv/tube.map
/home/gcobb/nekcem/nekcem/examples/tube-mv/tube.rea /home/gcobb/nekcem/nekcem/examples/tube-mv/tube.map
/home/gcobb/nekcem/nekcem/examples/tube-mv/tube.rea /home/gcobb/nekcem/nekcem/examples/tube-mv/tube.map
/home/gcobb/nekcem/nekcem/examples/tube-mv/tube.rea /home/gcobb/nekcem/nekcem/examples/tube-mv/tube.map
/home/gcobb/nekcem/nekcem/examples/tube-mv/tube.rea /home/gcobb/nekcem/nekcem/examples/tube-mv/tube.map
/home/gcobb/nekcem/nekcem/examples/tube-mv/tube.rea /home/gcobb/nekcem/nekcem/examples/tube-mv/tube.map
/home/gcobb/nekcem/nekcem/examples/tube-mv/tube.rea /home/gcobb/nekcem/nekcem/examples/tube-mv/tube.map
/home/gcobb/nekcem/nekcem/examples/tube-mv/tube.rea /home/gcobb/nekcem/nekcem/examples/tube-mv/tube.map
/home/gcobb/nekcem/nekcem/examples/tube-mv/tube.rea /home/gcobb/nekcem/nekcem/examples/tube-mv/tube.map
/home/gcobb/nekcem/nekcem/examples/tube-mv/tube.rea /home/gcobb/nekcem/nekcem/examples/tube-mv/tube.map
/home/gcobb/nekcem/nekcem/examples/tube-mv/tube.rea /home/gcobb/nekcem/nekcem/examples/tube-mv/tube.map
/home/gcobb/nekcem/nekcem/examples/tube-mv/tube.rea /home/gcobb/nekcem/nekcem/examples/tube-mv/tube.map
/home/gcobb/nekcem/nekcem/examples/tube-mv/tube.rea /home/gcobb/nekcem/nekcem/examples/tube-mv/tube.map
/home/gcobb/nekcem/nekcem/examples/tube-mv/tube.rea /home/gcobb/nekcem/nekcem/examples/tube-mv/tube.map
/home/gcobb/nekcem/nekcem/examples/tube-mv/tube.rea /home/gcobb/nekcem/nekcem/examples/tube-mv/tube.map
/home/gcobb/nekcem/nekcem/examples/tube-mv/tube.rea /home/gcobb/nekcem/nekcem/examples/tube-mv/tube.map
/home/gcobb/nekcem/nekcem/examples/tube-mv/tube.rea /home/gcobb/nekcem/nekcem/examples/tube-mv/tube.map
/home/gcobb/nekcem/nekcem/examples/tube-mv/tube.rea /home/gcobb/nekcem/nekcem/examples/tube-mv/tube.map
/home/gcobb/nekcem/nekcem/examples/tube-mv/tube.rea /home/gcobb/nekcem/nekcem/examples/tube-mv/tube.map
/home/gcobb/nekcem/nekcem/examples/tube-mv/tube.rea /home/gcobb/nekcem/nekcem/examples/tube-mv/tube.map
/home/gcobb/nekcem/nekcem/examples/tube-mv/tube.rea /home/gcobb/nekcem/nekcem/examples/tube-mv/tube.map
/home/gcobb/nekcem/nekcem/examples/tube-mv/tube.sep
/home/gcobb/nekcem/nekcem/examples/tube-mv/tube.rea /home/gcobb/nekcem/nekcem/examples/tube-mv/tube.map
/home/gcobb/nekcem/nekcem/examples/tube-mv/tube.rea /home/gcobb/nekcem/nekcem/examples/tube-mv/tube.map
/home/gcobb/nekcem/nekcem/examples/tube-mv/tube.rea /home/gcobb/nekcem/nekcem/examples/tube-mv/tube.map
/home/gcobb/nekcem/nekcem/examples/tube-mv/tube.rea /home/gcobb/nekcem/nekcem/examples/tube-mv/tube.map
/home/gcobb/nekcem/nekcem/examples/tube-mv/tube.rea /home/gcobb/nekcem/nekcem/examples/tube-mv/tube.map
/home/gcobb/nekcem/nekcem/examples/tube-mv/tube.rea /home/gcobb/nekcem/nekcem/examples/tube-mv/tube.map
/home/gcobb/nekcem/nekcem/examples/tube-mv/tube.rea /home/gcobb/nekcem/nekcem/examples/tube-mv/tube.map
/home/gcobb/nekcem/nekcem/examples/tube-mv/tube.rea /home/gcobb/nekcem/nekcem/examples/tube-mv/tube.map
/home/gcobb/nekcem/nekcem/examples/tube-mv/tube.rea /home/gcobb/nekcem/nekcem/examples/tube-mv/tube.map
/home/gcobb/nekcem/nekcem/examples/tube-mv/tube.rea /home/gcobb/nekcem/nekcem/examples/tube-mv/tube.map
/home/gcobb/nekcem/nekcem/examples/tube-mv/tube.rea /home/gcobb/nekcem/nekcem/examples/tube-mv/tube.map
/home/gcobb/nekcem/nekcem/examples/tube-mv/tube.rea /home/gcobb/nekcem/nekcem/examples/tube-mv/tube.map
/home/gcobb/nekcem/nekcem/examples/tube-mv/tube.rea /home/gcobb/nekcem/nekcem/examples/tube-mv/tube.map
/home/gcobb/nekcem/nekcem/examples/tube-mv/tube.rea /home/gcobb/nekcem/nekcem/examples/tube-mv/tube.map
/home/gcobb/nekcem/nekcem/examples/tube-mv/tube.rea /home/gcobb/nekcem/nekcem/examples/tube-mv/tube.map
/home/gcobb/nekcem/nekcem/examples/tube-mv/tube.rea /home/gcobb/nekcem/nekcem/examples/tube-mv/tube.map
/home/gcobb/nekcem/nekcem/examples/tube-mv/tube.rea /home/gcobb/nekcem/nekcem/examples/tube-mv/tube.map
/home/gcobb/nekcem/nekcem/examples/tube-mv/tube.sep
/home/gcobb/nekcem/nekcem/examples/tube-mv/tube.rea /home/gcobb/nekcem/nekcem/examples/tube-mv/tube.map
/home/gcobb/nekcem/nekcem/examples/tube-mv/tube.sep
/home/gcobb/nekcem/nekcem/examples/tube-mv/tube.rea /home/gcobb/nekcem/nekcem/examples/tube-mv/tube.map
/home/gcobb/nekcem/nekcem/examples/tube-mv/tube.sep
/home/gcobb/nekcem/nekcem/examples/tube-mv/tube.sep
/home/gcobb/nekcem/nekcem/examples/tube-mv/tube.sep
/home/gcobb/nekcem/nekcem/examples/tube-mv/tube.sep
/home/gcobb/nekcem/nekcem/examples/tube-mv/tube.sep
/home/gcobb/nekcem/nekcem/examples/tube-mv/tube.sep
/home/gcobb/nekcem/nekcem/examples/tube-mv/tube.sep
/home/gcobb/nekcem/nekcem/examples/tube-mv/tube.sep
/home/gcobb/nekcem/nekcem/examples/tube-mv/tube.sep
/home/gcobb/nekcem/nekcem/examples/tube-mv/tube.sep
/home/gcobb/nekcem/nekcem/examples/tube-mv/tube.sep
/home/gcobb/nekcem/nekcem/examples/tube-mv/tube.sep
/home/gcobb/nekcem/nekcem/examples/tube-mv/tube.sep
/home/gcobb/nekcem/nekcem/examples/tube-mv/tube.sep
/home/gcobb/nekcem/nekcem/examples/tube-mv/tube.sep
/home/gcobb/nekcem/nekcem/examples/tube-mv/tube.sep
/home/gcobb/nekcem/nekcem/examples/tube-mv/tube.sep
/home/gcobb/nekcem/nekcem/examples/tube-mv/tube.sep
/home/gcobb/nekcem/nekcem/examples/tube-mv/tube.sep
/home/gcobb/nekcem/nekcem/examples/tube-mv/tube.sep
/home/gcobb/nekcem/nekcem/examples/tube-mv/tube.sep
/home/gcobb/nekcem/nekcem/examples/tube-mv/tube.sep
/home/gcobb/nekcem/nekcem/examples/tube-mv/tube.sep
/home/gcobb/nekcem/nekcem/examples/tube-mv/tube.sep
/home/gcobb/nekcem/nekcem/examples/tube-mv/tube.sep
/home/gcobb/nekcem/nekcem/examples/tube-mv/tube.sep
/home/gcobb/nekcem/nekcem/examples/tube-mv/tube.sep
/home/gcobb/nekcem/nekcem/examples/tube-mv/tube.sep
/home/gcobb/nekcem/nekcem/examples/tube-mv/tube.rea
/home/gcobb/nekcem/nekcem/examples/tube-mv/tube.sep
/home/gcobb/nekcem/nekcem/examples/tube-mv/tube.sep
/home/gcobb/nekcem/nekcem/examples/tube-mv/tube.sep
/home/gcobb/nekcem/nekcem/examples/tube-mv/tube.sep
/home/gcobb/nekcem/nekcem/examples/tube-mv/tube.sep
/home/gcobb/nekcem/nekcem/examples/tube-mv/tube.sep
/home/gcobb/nekcem/nekcem/examples/tube-mv/tube.sep
/home/gcobb/nekcem/nekcem/examples/tube-mv/tube.sep
/home/gcobb/nekcem/nekcem/examples/tube-mv/tube.sep
/home/gcobb/nekcem/nekcem/examples/tube-mv/tube.sep
/home/gcobb/nekcem/nekcem/examples/tube-mv/tube.sep
/home/gcobb/nekcem/nekcem/examples/tube-mv/tube.sep
/home/gcobb/nekcem/nekcem/examples/tube-mv/tube.sep
/home/gcobb/nekcem/nekcem/examples/tube-mv/tube.sep
/home/gcobb/nekcem/nekcem/examples/tube-mv/tube.sep
/home/gcobb/nekcem/nekcem/examples/tube-mv/tube.sep
/home/gcobb/nekcem/nekcem/examples/tube-mv/tube.sep
/home/gcobb/nekcem/nekcem/examples/tube-mv/tube.rea
/home/gcobb/nekcem/nekcem/examples/tube-mv/tube.sep
/home/gcobb/nekcem/nekcem/examples/tube-mv/tube.rea
/home/gcobb/nekcem/nekcem/examples/tube-mv/tube.sep
/home/gcobb/nekcem/nekcem/examples/tube-mv/tube.rea
/home/gcobb/nekcem/nekcem/examples/tube-mv/tube.rea
/home/gcobb/nekcem/nekcem/examples/tube-mv/tube.rea
/home/gcobb/nekcem/nekcem/examples/tube-mv/tube.rea
/home/gcobb/nekcem/nekcem/examples/tube-mv/tube.rea
/home/gcobb/nekcem/nekcem/examples/tube-mv/tube.rea
/home/gcobb/nekcem/nekcem/examples/tube-mv/tube.rea
/home/gcobb/nekcem/nekcem/examples/tube-mv/tube.rea
/home/gcobb/nekcem/nekcem/examples/tube-mv/tube.rea
/home/gcobb/nekcem/nekcem/examples/tube-mv/tube.rea
/home/gcobb/nekcem/nekcem/examples/tube-mv/tube.rea
/home/gcobb/nekcem/nekcem/examples/tube-mv/tube.rea
/home/gcobb/nekcem/nekcem/examples/tube-mv/tube.rea
/home/gcobb/nekcem/nekcem/examples/tube-mv/tube.rea
/home/gcobb/nekcem/nekcem/examples/tube-mv/tube.rea
/home/gcobb/nekcem/nekcem/examples/tube-mv/tube.rea
/home/gcobb/nekcem/nekcem/examples/tube-mv/tube.rea
/home/gcobb/nekcem/nekcem/examples/tube-mv/tube.rea
/home/gcobb/nekcem/nekcem/examples/tube-mv/tube.rea
/home/gcobb/nekcem/nekcem/examples/tube-mv/tube.rea
/home/gcobb/nekcem/nekcem/examples/tube-mv/tube.rea
/home/gcobb/nekcem/nekcem/examples/tube-mv/tube.rea
/home/gcobb/nekcem/nekcem/examples/tube-mv/tube.rea
/home/gcobb/nekcem/nekcem/examples/tube-mv/tube.rea
/home/gcobb/nekcem/nekcem/examples/tube-mv/tube.rea
/home/gcobb/nekcem/nekcem/examples/tube-mv/tube.rea
/home/gcobb/nekcem/nekcem/examples/tube-mv/tube.rea
/home/gcobb/nekcem/nekcem/examples/tube-mv/tube.rea
/home/gcobb/nekcem/nekcem/examples/tube-mv/tube.rea /home/gcobb/nekcem/nekcem/examples/tube-mv/tube.map
/home/gcobb/nekcem/nekcem/examples/tube-mv/tube.rea /home/gcobb/nekcem/nekcem/examples/tube-mv/tube.map
/home/gcobb/nekcem/nekcem/examples/tube-mv/tube.rea
/home/gcobb/nekcem/nekcem/examples/tube-mv/tube.rea /home/gcobb/nekcem/nekcem/examples/tube-mv/tube.map
/home/gcobb/nekcem/nekcem/examples/tube-mv/tube.rea /home/gcobb/nekcem/nekcem/examples/tube-mv/tube.map
/home/gcobb/nekcem/nekcem/examples/tube-mv/tube.rea /home/gcobb/nekcem/nekcem/examples/tube-mv/tube.map
/home/gcobb/nekcem/nekcem/examples/tube-mv/tube.rea
/home/gcobb/nekcem/nekcem/examples/tube-mv/tube.rea /home/gcobb/nekcem/nekcem/examples/tube-mv/tube.map
/home/gcobb/nekcem/nekcem/examples/tube-mv/tube.rea /home/gcobb/nekcem/nekcem/examples/tube-mv/tube.map
/home/gcobb/nekcem/nekcem/examples/tube-mv/tube.rea /home/gcobb/nekcem/nekcem/examples/tube-mv/tube.map
/home/gcobb/nekcem/nekcem/examples/tube-mv/tube.rea /home/gcobb/nekcem/nekcem/examples/tube-mv/tube.map
/home/gcobb/nekcem/nekcem/examples/tube-mv/tube.rea /home/gcobb/nekcem/nekcem/examples/tube-mv/tube.map
/home/gcobb/nekcem/nekcem/examples/tube-mv/tube.rea /home/gcobb/nekcem/nekcem/examples/tube-mv/tube.map
/home/gcobb/nekcem/nekcem/examples/tube-mv/tube.rea
/home/gcobb/nekcem/nekcem/examples/tube-mv/tube.rea /home/gcobb/nekcem/nekcem/examples/tube-mv/tube.map
/home/gcobb/nekcem/nekcem/examples/tube-mv/tube.rea /home/gcobb/nekcem/nekcem/examples/tube-mv/tube.map
/home/gcobb/nekcem/nekcem/examples/tube-mv/tube.rea
/home/gcobb/nekcem/nekcem/examples/tube-mv/tube.rea /home/gcobb/nekcem/nekcem/examples/tube-mv/tube.map
/home/gcobb/nekcem/nekcem/examples/tube-mv/tube.rea
/home/gcobb/nekcem/nekcem/examples/tube-mv/tube.rea
/home/gcobb/nekcem/nekcem/examples/tube-mv/tube.rea
/home/gcobb/nekcem/nekcem/examples/tube-mv/tube.rea
/home/gcobb/nekcem/nekcem/examples/tube-mv/tube.rea
/home/gcobb/nekcem/nekcem/examples/tube-mv/tube.rea
/home/gcobb/nekcem/nekcem/examples/tube-mv/tube.rea
/home/gcobb/nekcem/nekcem/examples/tube-mv/tube.rea
/home/gcobb/nekcem/nekcem/examples/tube-mv/tube.rea
/home/gcobb/nekcem/nekcem/examples/tube-mv/tube.rea
/home/gcobb/nekcem/nekcem/examples/tube-mv/tube.rea
/home/gcobb/nekcem/nekcem/examples/tube-mv/tube.rea
/home/gcobb/nekcem/nekcem/examples/tube-mv/tube.rea
/home/gcobb/nekcem/nekcem/examples/tube-mv/tube.rea
/home/gcobb/nekcem/nekcem/examples/tube-mv/tube.rea
/home/gcobb/nekcem/nekcem/examples/tube-mv/tube.sep
/home/gcobb/nekcem/nekcem/examples/tube-mv/tube.sep
/home/gcobb/nekcem/nekcem/examples/tube-mv/tube.sep
/home/gcobb/nekcem/nekcem/examples/tube-mv/tube.sep
/home/gcobb/nekcem/nekcem/examples/tube-mv/tube.sep
/home/gcobb/nekcem/nekcem/examples/tube-mv/tube.sep
/home/gcobb/nekcem/nekcem/examples/tube-mv/tube.sep
/home/gcobb/nekcem/nekcem/examples/tube-mv/tube.sep
/home/gcobb/nekcem/nekcem/examples/tube-mv/tube.sep
/home/gcobb/nekcem/nekcem/examples/tube-mv/tube.sep
/home/gcobb/nekcem/nekcem/examples/tube-mv/tube.sep
/home/gcobb/nekcem/nekcem/examples/tube-mv/tube.sep
/home/gcobb/nekcem/nekcem/examples/tube-mv/tube.sep
/home/gcobb/nekcem/nekcem/examples/tube-mv/tube.sep

/home/gcobb/nekcem/nekcem/examples/tube-mv/tube.rea
/home/gcobb/nekcem/nekcem/examples/tube-mv/tube.rea
/home/gcobb/nekcem/nekcem/examples/tube-mv/tube.rea
/home/gcobb/nekcem/nekcem/examples/tube-mv/tube.rea
/home/gcobb/nekcem/nekcem/examples/tube-mv/tube.rea
/home/gcobb/nekcem/nekcem/examples/tube-mv/tube.rea
/home/gcobb/nekcem/nekcem/examples/tube-mv/tube.rea
/home/gcobb/nekcem/nekcem/examples/tube-mv/tube.rea
/home/gcobb/nekcem/nekcem/examples/tube-mv/tube.rea
/home/gcobb/nekcem/nekcem/examples/tube-mv/tube.rea
/home/gcobb/nekcem/nekcem/examples/tube-mv/tube.rea
/home/gcobb/nekcem/nekcem/examples/tube-mv/tube.rea
/home/gcobb/nekcem/nekcem/examples/tube-mv/tube.rea
/home/gcobb/nekcem/nekcem/examples/tube-mv/tube.rea

  Beginning session:
  /home/gcobb/nekcem/nekcem/examples/tube-mv/tube.rea                           

 
 readat time :: 0.476470588228750103E-05  seconds
 IFMOVW= T
  ERROR: Too many processors ( 64) for too few elements ( 18).
  ABORTING IN MAPELPR.
  ERROR: Too many processors ( 64) for too few elements ( 18).
  ERROR: Too many processors ( 64) for too few elements ( 18).
  ERROR: Too many processors ( 64) for too few elements ( 18).
  ERROR: Too many processors ( 64) for too few elements ( 18).
  ERROR: Too many processors ( 64) for too few elements ( 18).
  ERROR: Too many processors ( 64) for too few elements ( 18).
  ABORTING IN MAPELPR.
  ABORTING IN MAPELPR.
  ABORTING IN MAPELPR.
  ABORTING IN MAPELPR.
  ERROR: Too many processors ( 64) for too few elements ( 18).
  ERROR: Too many processors ( 64) for too few elements ( 18).
  ERROR: Too many processors ( 64) for too few elements ( 18).
  ABORTING IN MAPELPR.
  ABORTING IN MAPELPR.
  ERROR: Too many processors ( 64) for too few elements ( 18).
  ERROR: Too many processors ( 64) for too few elements ( 18).
  ERROR: Too many processors ( 64) for too few elements ( 18).
  ERROR: Too many processors ( 64) for too few elements ( 18).
  ABORTING IN MAPELPR.
  ERROR: Too many processors ( 64) for too few elements ( 18).
  ABORTING IN MAPELPR.
  ABORTING IN MAPELPR.
  ERROR: Too many processors ( 64) for too few elements ( 18).
  ERROR: Too many processors ( 64) for too few elements ( 18).
  ERROR: Too many processors ( 64) for too few elements ( 18).
  ERROR: Too many processors ( 64) for too few elements ( 18).
  ERROR: Too many processors ( 64) for too few elements ( 18).
  ERROR: Too many processors ( 64) for too few elements ( 18).
  ERROR: Too many processors ( 64) for too few elements ( 18).
  ERROR: Too many processors ( 64) for too few elements ( 18).
  ERROR: Too many processors ( 64) for too few elements ( 18).
  ERROR: Too many processors ( 64) for too few elements ( 18).
  ABORTING IN MAPELPR.
  ABORTING IN MAPELPR.
  ABORTING IN MAPELPR.
  ABORTING IN MAPELPR.
  ABORTING IN MAPELPR.
  ABORTING IN MAPELPR.
  ABORTING IN MAPELPR.
  ABORTING IN MAPELPR.
  ERROR: Too many processors ( 64) for too few elements ( 18).
  ABORTING IN MAPELPR.
  ABORTING IN MAPELPR.
  ABORTING IN MAPELPR.
  ABORTING IN MAPELPR.
  ABORTING IN MAPELPR.
  ABORTING IN MAPELPR.
  ABORTING IN MAPELPR.
  ABORTING IN MAPELPR.
  ERROR: Too many processors ( 64) for too few elements ( 18).
  ABORTING IN MAPELPR.
  ERROR: Too many processors ( 64) for too few elements ( 18).
  ERROR: Too many processors ( 64) for too few elements ( 18).
  ERROR: Too many processors ( 64) for too few elements ( 18).
  ABORTING IN MAPELPR.
  ABORTING IN MAPELPR.
  ABORTING IN MAPELPR.
  ERROR: Too many processors ( 64) for too few elements ( 18).
  ABORTING IN MAPELPR.
  ERROR: Too many processors ( 64) for too few elements ( 18).
  ABORTING IN MAPELPR.
  ERROR: Too many processors ( 64) for too few elements ( 18).
  ABORTING IN MAPELPR.
  ERROR: Too many processors ( 64) for too few elements ( 18).
  ERROR: Too many processors ( 64) for too few elements ( 18).
  ABORTING IN MAPELPR.
  ABORTING IN MAPELPR.
  ERROR: Too many processors ( 64) for too few elements ( 18).
  ERROR: Too many processors ( 64) for too few elements ( 18).
  ABORTING IN MAPELPR.
  ABORTING IN MAPELPR.
  ERROR: Too many processors ( 64) for too few elements ( 18).
  ABORTING IN MAPELPR.
  ERROR: Too many processors ( 64) for too few elements ( 18).
  ABORTING IN MAPELPR.
  ERROR: Too many processors ( 64) for too few elements ( 18).
  ABORTING IN MAPELPR.
  ERROR: Too many processors ( 64) for too few elements ( 18).
  ABORTING IN MAPELPR.
  ERROR: Too many processors ( 64) for too few elements ( 18).
  ABORTING IN MAPELPR.
  ERROR: Too many processors ( 64) for too few elements ( 18).
  ERROR: Too many processors ( 64) for too few elements ( 18).
  ERROR: Too many processors ( 64) for too few elements ( 18).
  ERROR: Too many processors ( 64) for too few elements ( 18).
  ERROR: Too many processors ( 64) for too few elements ( 18).
  ERROR: Too many processors ( 64) for too few elements ( 18).
  ABORTING IN MAPELPR.
  ERROR: Too many processors ( 64) for too few elements ( 18).
  ERROR: Too many processors ( 64) for too few elements ( 18).
  ERROR: Too many processors ( 64) for too few elements ( 18).
  ERROR: Too many processors ( 64) for too few elements ( 18).
  ERROR: Too many processors ( 64) for too few elements ( 18).
  ERROR: Too many processors ( 64) for too few elements ( 18).
  ERROR: Too many processors ( 64) for too few elements ( 18).
  ERROR: Too many processors ( 64) for too few elements ( 18).
  ERROR: Too many processors ( 64) for too few elements ( 18).
  ERROR: Too many processors ( 64) for too few elements ( 18).
  ERROR: Too many processors ( 64) for too few elements ( 18).
  ERROR: Too many processors ( 64) for too few elements ( 18).
  ERROR: Too many processors ( 64) for too few elements ( 18).
  ABORTING IN MAPELPR.
  ERROR: Too many processors ( 64) for too few elements ( 18).
  ERROR: Too many processors ( 64) for too few elements ( 18).
  ABORTING IN MAPELPR.
  ABORTING IN MAPELPR.
  ABORTING IN MAPELPR.
  ABORTING IN MAPELPR.
  ABORTING IN MAPELPR.
  ABORTING IN MAPELPR.
  ABORTING IN MAPELPR.
  ABORTING IN MAPELPR.
  ABORTING IN MAPELPR.
  ABORTING IN MAPELPR.
  ABORTING IN MAPELPR.
  ABORTING IN MAPELPR.
  ABORTING IN MAPELPR.
  ABORTING IN MAPELPR.
  ERROR: Too many processors ( 64) for too few elements ( 18).
  ABORTING IN MAPELPR.
  ABORTING IN MAPELPR.
  ABORTING IN MAPELPR.
  ABORTING IN MAPELPR.
  ABORTING IN MAPELPR.
  ABORTING IN MAPELPR.
 7  normal exit.
 3  normal exit.
 19  normal exit.
 23  normal exit.
 55  normal exit.
 51  normal exit.
 35  normal exit.
 39  normal exit.
 54  normal exit.
 58  normal exit.
 57  normal exit.
 61  normal exit.
 45  normal exit.
 41  normal exit.
 56  normal exit.
 60  normal exit.
 44  normal exit.
 40  normal exit.
 42  normal exit.
 46  normal exit.
 62  normal exit.
 43  normal exit.
 47  normal exit.
 63  normal exit.
 59  normal exit.
 38  normal exit.
 34  normal exit.
 50  normal exit.
 53  normal exit.
 49  normal exit.
 33  normal exit.
 37  normal exit.
 52  normal exit.
 48  normal exit.
 36  normal exit.
 32  normal exit.
 22  normal exit.
 26  normal exit.
 25  normal exit.
 29  normal exit.
 13  normal exit.
 9  normal exit.
 24  normal exit.
 28  normal exit.
 12  normal exit.
 8  normal exit.
 10  normal exit.
 14  normal exit.
 30  normal exit.
 11  normal exit.
 15  normal exit.
 31  normal exit.
 27  normal exit.
 6  normal exit.
 2  normal exit.
 18  normal exit.
 21  normal exit.
 17  normal exit.
 1  normal exit.
 5  normal exit.
 20  normal exit.
 16  normal exit.
 4  normal exit.
 0  normal exit.
