/----------------------------------------------------------\
|      _   __ ______ __ __  ______  ______   __  _____     |
|     / | / // ____// //_/ / ____/ / __ _ / / _|/ __  /    |
|    /  |/ // __/  / ,<   / /     / /__/   / / / / / /     |
|   / /|  // /___ / /| | / /_ _  / /___   /_/ / / / /      |
|  /_/ |_//_____//_/ |_|/_____/ /______/ /_/ /_/ /_/       |
|                                                          |
|----------------------------------------------------------|
|                                                          |
| NekCEM :  Nek5000 for Computational ElectroMagnetics     |
|           Open Source Spectal Element DG Maxwell Solver  |
| Source :  https://svn.mcs.anl.gov/repos/NEKCEM           |
|                                                          |
\----------------------------------------------------------/
                                                              

 MPI_thread safety check: required=    3, provided=    0
 Number of processors:           1
 REAL    wdsize      :           8
 INTEGER wdsize      :           4
 call data_init2
 IFCEM=  T
 
 Preprocessor options::  
   MOAB off at compile time
   MPI on: -DNO_MPI not defined
   GPU off at compile time
   OpenMP off: -DOMP not defined
 
 Mesh options:: 
   IFHEX=  T (hexahedral )
   IFTET=  F (tetrahedral)
 
 Available basis:: 
   IFDG     =  T (SEDG   )
   IFNEDELEC=  F (Nedelec)


  Beginning session:
  /sandbox/mmin/NEKCEM/trunk/examples/precon3d/neu2d.rea                        

 
 done: data_init2::  1.8787384033203125E-004 sec
 call read_init2
 timer accuracy:   2.1457672E-07 sec

 open .rea file
 param           1  2.9979200000000000E+017
 param           2  8.8541999999999999E-021
 param           3  1.2565999999999999E-015
 param           4   1.000000000000000     
 param           5  0.0000000000000000E+000
 param           6  0.0000000000000000E+000
 param           7  0.0000000000000000E+000
 param           8  0.0000000000000000E+000
 param           9  0.0000000000000000E+000
 param          10  1.0000000000000000E+020
 param          11  0.0000000000000000E+000
 param          12  0.2000000000000000     
 param          13   100.0000000000000     
 param          14  0.0000000000000000E+000
 param          15   100.0000000000000     
 param          16   1.000000000000000     
 param          17  0.0000000000000000E+000
 param          18  0.0000000000000000E+000
 param          19  0.0000000000000000E+000
 param          20   5.000000000000000     
 param          21  0.0000000000000000E+000
 param          22  0.0000000000000000E+000
 param          23  0.0000000000000000E+000
 param          24  0.0000000000000000E+000
 param          25  0.0000000000000000E+000
 param          26  0.0000000000000000E+000
 param          27   3.000000000000000     
 param          28  0.0000000000000000E+000
 param          29  0.0000000000000000E+000
 param          30  0.0000000000000000E+000
 param          31  0.0000000000000000E+000
 param          32  0.0000000000000000E+000
 param          33  0.0000000000000000E+000
 param          34  0.0000000000000000E+000
 param          35  0.0000000000000000E+000
 param          36  0.0000000000000000E+000
 param          37  0.0000000000000000E+000
 param          38  0.0000000000000000E+000
 param          39  0.0000000000000000E+000
 param          40  0.0000000000000000E+000
 param          41  0.0000000000000000E+000
 param          42  0.0000000000000000E+000
 param          43  0.0000000000000000E+000
 param          44  0.0000000000000000E+000
 param          45  0.0000000000000000E+000
 param          46  0.0000000000000000E+000
 param          47  0.0000000000000000E+000
 param          48  0.0000000000000000E+000
 param          49  0.1400000000000000     
 param          50  0.0000000000000000E+000
 param          51  0.0000000000000000E+000
 param          52  0.0000000000000000E+000
 param          53  0.0000000000000000E+000
 param          54  0.0000000000000000E+000
 param          55  0.0000000000000000E+000
 param          56  0.0000000000000000E+000
 param          57  0.0000000000000000E+000
 param          58  0.0000000000000000E+000
 param          59  0.0000000000000000E+000
 param          60  0.0000000000000000E+000
 param          61  0.0000000000000000E+000
 param          62  0.0000000000000000E+000
 param          63  0.0000000000000000E+000
 param          64  0.0000000000000000E+000
 param          65  0.0000000000000000E+000
 param          66  0.0000000000000000E+000
 param          67  0.0000000000000000E+000
 param          68  0.0000000000000000E+000
 param          69  0.0000000000000000E+000
 param          70  0.0000000000000000E+000
 param          71  0.0000000000000000E+000
 param          72  0.0000000000000000E+000
 param          73  0.0000000000000000E+000
 param          74  0.0000000000000000E+000
 param          75  0.0000000000000000E+000
 param          76  0.0000000000000000E+000
 param          77   1.000000000000000     
 param          78   2.000000000000000     
 param          79  1.0000000000000001E-005
 param          80   4.000000000000000     
 param          81   4.000000000000000     
 param          82   1.000000000000000     
 param          83  0.0000000000000000E+000
 param          84  0.0000000000000000E+000
 param          85  0.0000000000000000E+000
 param          86  0.0000000000000000E+000
 param          87  0.0000000000000000E+000
 param          88  0.0000000000000000E+000
 param          89  0.0000000000000000E+000
 param          90  0.0000000000000000E+000
 param          91  0.0000000000000000E+000
 param          92  0.0000000000000000E+000
 param          93   1.000000000000000     
 param          94  0.0000000000000000E+000
 param          95  0.0000000000000000E+000
 param          96  0.0000000000000000E+000
 param          97  0.0000000000000000E+000
 param          98  0.0000000000000000E+000
 param          99  0.0000000000000000E+000
 param         100  0.0000000000000000E+000
 param         101  0.0000000000000000E+000
 param         102  0.0000000000000000E+000
 param         103  0.0000000000000000E+000
 nelgt/nelgv/lelt:        9        9       27
 lx1  /lx2  /lx3 :        4        4        4
 gfdm/ifgtp/ifre2 F T F
 start reading mesh
 opening file:
dummy.rea                                                                                                                           
2                                                                                                                                   
1                      number of fields                                                                                             
#                                                                                                                                   
#    comments                                                                                                                       
#                                                                                                                                   
#                                                                                                                                   
#========================================================                                                                           
#                                                                                                                                   
Box                                                                                                                                 
-4  -4 (number of elements in x,y)                                                                                                  
 Abort, increase lelx,lely and recompile           4           4           3
            3
            0 normal exit.
