Warning: no access to tty (Bad file descriptor).
Thus no job control in this shell.
/----------------------------------------------------------\
|      _   __ ______ __ __  ______  ______   __  _____     |
|     / | / // ____// //_/ / ____/ / __ _ / / _|/ __  /    |
|    /  |/ // __/  / ,<   / /     / /__/   / / / / / /     |
|   / /|  // /___ / /| | / /_ _  / /___   /_/ / / / /      |
|  /_/ |_//_____//_/ |_|/_____/ /______/ /_/ /_/ /_/       |
|                                                          |
|----------------------------------------------------------|
|                                                          |
| NekCEM :  Nek5000 for Computational ElectroMagnetics     |
|           Open Source Spectal Element DG Maxwell Solver  |
| Source :  https://svn.mcs.anl.gov/repos/NEKCEM           |
|                                                          |
\----------------------------------------------------------/
                                                              

 MPI_thread safety check: required=    3, provided=*****
 Number of processors:            1
 REAL    wdsize      :            8
 INTEGER wdsize      :            4
 call data_init2
 IFCEM=   T
 
 Preprocessor options::  
   MOAB off at compile time
   MPI on: -DNO_MPI not defined
   GPU on with -DGPU
   GPU on with OpenACC
   OpenMP off: -DOMP not defined
 
 Mesh options:: 
   IFHEX=   T  (hexahedral )
   IFTET=   F  (tetrahedral)
 
 Available basis:: 
   IFDG     =   T  (SEDG   )
   IFNEDELEC=   F  (Nedelec)


  Beginning session:
  /lustre/atlas/proj-shared/nti017/mmin/NEKCEM/trunk/examples/E5-comm/box.rea   

 
 done: data_init2::   2.5119781494140625E-003  sec
 call read_init2
 timer accuracy:   1.9073486E-07 sec

 read .rea file
 read .re2 file
 byte swap:  F    6.543210      -2.9312772E+35
 nelgt/nelgv/lelt:      125      125      125
 lx1  /lx2  /lx3 :       16       16       16
 call   mapelpr, mapping elements to processors
 call   set_proc_map()
 ifgtp/gfdm/zper  F  F  F
 get_vert, ncrnr=            8
 ifgfdm  F
            0          125          125          125          125  NELV
 done:: set_proc_map()
 RANK     0 IEG       1       2       3       4       5       6       7       8
                      9      10      11      12      13      14      15      16
                     17      18      19      20      21      22      23      24
                     25      26      27      28      29      30      31      32
                     33      34      35      36      37      38      39      40
                     41      42      43      44      45      46      47      48
                     49      50      51      52      53      54      55      56
                     57      58      59      60      61      62      63      64
                     65      66      67      68      69      70      71      72
                     73      74      75      76      77      78      79      80
                     81      82      83      84      85      86      87      88
                     89      90      91      92      93      94      95      96
                     97      98      99     100     101     102     103     104
                    105     106     107     108     109     110     111     112
                    113     114     115     116     117     118     119     120
                    121     122     123     124     125
 element load imbalance:             0          125          125
 done :: mapelpr, mapping elements to processors

 gfdm/ifgtp/ifre2  F  F  T
   reading mesh 
   reading curved sides 
   reading bc for ifld            1
 done :: read .re2 file
  
 done :: close .rea file   0.26194E-01 sec

 done: readat2 ::   2.6218891143798828E-002  sec
 call para_init2
 done: para_init2
 setup mesh topology
   Right-handed check complete for 125 elements. OK.
            0          125         3750          750  Fgbtuple           16
   setvert3d:  16       78875      421875       78875       78875
   call usrsetvert
   done :: usrsetvert

gs_setup: 0 unique labels shared
   setup_ds time 8.4516E-02 seconds   0 16       78875         125
 setup_dgds2:: init
            0          125         3750          750  Fgbtuple           18
   setvert3d:  18      102125      614125      102125      102125
   call usrsetvert
   done :: usrsetvert

 set_vert time:: 1.0374E-02 seconds 
   gs_setup time:: 1.9073E-06 seconds 
gs_setup: 0 unique labels shared
gs_setup: 0 unique labels shared
 setup_dsdg2 time:: 1.7135E-01 seconds   1 16      102125         125
 done :: setup mesh topology
 .
            8  max multiplicity
 npts/nelt/nxyz/nxzfl       512000          125         4096       192000
 call usrdat
 done :: usrdat

 call set_options
 IFMAXWELL     T
 IFSCHROD      F
 IFDRIFT       F
 IFDRUDE       F
 IFLOREN       F
 IFBEAM        F
 IFWAKE        F
 IFMOVW        F
 IFFILTER      F
 IFNAPY        F
 IFWAKET       F
 IFVARDT       F
 IFPBG         F
 IFDIELEC      F
 IFPOISSON     F
 IFGMRES       T
 IFCG          F
 IFIC          F
 IFSOL         T
 IFSRC         F
 IFSCAT        F
 IFSFTF        F
 IFCENTRAL     F
 IFUPWIND      T
 IFDEALIAS     F
 IFTM          F
 IFTE          T
 IFEIG         F
 IFEXP         F
 IFRK45        T
 IFRK44        F
 IFRK33        F
 IFRK22        F
 IFSIM5        F
 IFSIM4        F
 IFSIM3        F
 IFSIM2        F
 IFSIM1        F
 IFDTCTL       F
 IFPEC         F
 IFINHOM       F
 IFPML         F
 IFDTN         F
 IFNM          F
 IFRESTART     F
 
 cspeed   =    1.000000000000000     
 permit_0 =    1.000000000000000     
 permea_0 =    1.000000000000000     
 nmscale  =    1.000000000000000     
 
 done :: set_options

 call setlog
 IFSTRS =  F
 IFCHAR =  F
 IFAXIS =  F
 IFMVBD =  F
 IFMELT =  F
 IFMODEL=  F
 IFKEPS =  F
   
 IFVCOR =  T
 IFINTQ =  F
 IFCWUZ =  F
 IFSWALL=  F
 IFGEOM =  F
 IFSURT =  F
 IFWCNO =  F
 IFCEM  =  T
   
 IFADVC for field            1    =   F
 IFNONL for field            1    =   F
 done :: setlog

 call gengeom
 genwz
 gencoor
 geom1
 Vol:    7.999999999999355         7.999999999999355     
 volumn
 setdef
 done :: generate geomerty data
  
 done :: gengeom

 call usrdat2
 done :: usrdat2

 call geom_reset
 this is bm2:   5.3449843754218294E-006
 Vol:    248.0502134424143         248.0502134424143     
 done :: geom_reset

 call set_unr   
 done :: set_unr

  Mesh consistency check, OK.
 call load_semhat_weighted
 done :: load_semhat_weighted

 dofs:                   421875       512000         5375
 
 Preprocessor options::  
   hpm off: -DHPM not defined
 

 IFMAXWELL     T
 IFSCHROD      F
 IFDRIFT       F
 IFDRUDE       F
 IFLOREN       F
 IFBEAM        F
 IFWAKE        F
 IFMOVW        F
 IFFILTER      F
 IFNAPY        F
 IFWAKET       F
 IFVARDT       F
 IFPBG         F
 IFDIELEC      F
 IFPOISSON     F
 IFGMRES       T
 IFCG          F
 IFIC          F
 IFSOL         T
 IFSRC         F
 IFSCAT        F
 IFSFTF        F
 IFCENTRAL     F
 IFUPWIND      T
 IFDEALIAS     F
 IFTM          F
 IFTE          T
 IFEIG         F
 IFEXP         F
 IFRK45        T
 IFRK44        F
 IFRK33        F
 IFRK22        F
 IFSIM5        F
 IFSIM4        F
 IFSIM3        F
 IFSIM2        F
 IFSIM1        F
 IFDTCTL       F
 IFPEC         F
 IFINHOM       F
 IFPML         F
 IFDTN         F
 IFNM          F
 IFRESTART     F
 
 cspeed   =    1.000000000000000     
 permit_0 =    1.000000000000000     
 permea_0 =    1.000000000000000     
 nmscale  =    1.000000000000000     
 
 start: initialize geom and fields
 done: initialization geom/fields
 start: cem_set_fc_ptr, volume index j=cemface(i)
 done: cem_set_fc_ptr, ncemface=        192000
 npts       512000           16           16           16          125
 permit_max=    1.000000000000000     
 permit_min=    1.000000000000000     
 permea_max=    1.000000000000000     
 permea_min=    1.000000000000000     
 start: cem_maxwell_materials
 done: cem_maxwell_materials
 start: cem_alternatve_flux_ptr-> index setting
 done: cem_alternate_flux_ptr
 nid=0: gs_op_fields: single vector   4.8627614974975589E-003 sec
 nid=0: gs_op_fields: multi  vector   4.6386194229125974E-003 sec
 gs_op_fields: chose multi vector 
 done: inverse mass matrix
 
 dxmin=   3.1667086471930617E-002
 dt=   6.3334172943861240E-003 , CFL=   0.2000000000000000     
 IFDRIFT=  F
 usersol: done, IFSOL=  T
 userini: done, IFSOL=  T

    istep   nelt  nels  N  npt1    npts   time         dt     HXerr     HYerr     HZerr     EXerr     EYerr     EZerr    cpu_t   cpu_t_pts
         0  125   11   15  165   512000 0.000E+00 6.333E-03 0.000E+00 0.000E+00 0.000E+00 0.000E+00 0.000E+00 0.000E+00 0.000E+00 0.00E+00 CPU: L2  
         0  125   11   15  165   512000 0.000E+00 6.333E-03 0.000E+00 0.000E+00 0.000E+00 0.000E+00 0.000E+00 0.000E+00 0.000E+00 0.00E+00 CPU: Linf
 userchk: done, ifrestart=  F
 IFDOUBLE=  T
 param(81)=            0
 param(82)=            1
 param(83)=            0
 dumpno   =            0
 IFRK,IFSIM,IFBDF  T  F  F
 param(17): defined as     0.000000000000000     
 initial time=    0.000000000000000      , final time= 
   1.0000000000000000E+020
 total nsteps=         1000
 iocomm=          100 , iostep=          100
 . 
 ============================
 ========  BEGIN RUN ========
 ============================
 istep=     1    to      1000

    istep   nelt  nels  N  npt1    npts   time         dt     HXerr     HYerr     HZerr     EXerr     EYerr     EZerr    cpu_t   cpu_t_pts
         1  125   11   15  165   512000 6.333E-03 6.333E-03 2.162E-13 1.082E-13 1.081E-13 2.680E-15 3.011E-15 2.023E-15 5.149E-02 1.01E-07 CPU: L2  
         1  125   11   15  165   512000 6.333E-03 6.333E-03 2.867E-12 2.865E-12 3.058E-13 1.332E-12 1.355E-12 1.657E-12 5.149E-02 1.01E-07 CPU: Linf

    istep   nelt  nels  N  npt1    npts   time         dt     HXerr     HYerr     HZerr     EXerr     EYerr     EZerr    cpu_t   cpu_t_pts
         2  125   11   15  165   512000 1.267E-02 6.333E-03 4.324E-13 2.162E-13 2.161E-13 3.931E-15 7.577E-15 7.533E-15 9.675E-02 9.45E-08 CPU: L2  
         2  125   11   15  165   512000 1.267E-02 6.333E-03 4.215E-12 4.206E-12 6.116E-13 1.854E-12 1.867E-12 3.636E-12 9.675E-02 9.45E-08 CPU: Linf

    istep   nelt  nels  N  npt1    npts   time         dt     HXerr     HYerr     HZerr     EXerr     EYerr     EZerr    cpu_t   cpu_t_pts
         3  125   11   15  165   512000 1.900E-02 6.333E-03 6.484E-13 3.242E-13 3.242E-13 4.312E-15 1.612E-14 1.654E-14 1.420E-01 9.25E-08 CPU: L2  
         3  125   11   15  165   512000 1.900E-02 6.333E-03 4.470E-12 4.459E-12 9.172E-13 1.859E-12 1.866E-12 4.311E-12 1.420E-01 9.25E-08 CPU: Linf

    istep   nelt  nels  N  npt1    npts   time         dt     HXerr     HYerr     HZerr     EXerr     EYerr     EZerr    cpu_t   cpu_t_pts
         4  125   11   15  165   512000 2.533E-02 6.333E-03 8.641E-13 4.321E-13 4.321E-13 4.323E-15 2.887E-14 2.934E-14 1.873E-01 9.15E-08 CPU: L2  
         4  125   11   15  165   512000 2.533E-02 6.333E-03 4.450E-12 4.266E-12 1.222E-12 1.677E-12 1.684E-12 4.256E-12 1.873E-01 9.15E-08 CPU: Linf

    istep   nelt  nels  N  npt1    npts   time         dt     HXerr     HYerr     HZerr     EXerr     EYerr     EZerr    cpu_t   cpu_t_pts
         5  125   11   15  165   512000 3.167E-02 6.333E-03 1.080E-12 5.399E-13 5.398E-13 4.273E-15 4.588E-14 4.625E-14 2.325E-01 9.08E-08 CPU: L2  
         5  125   11   15  165   512000 3.167E-02 6.333E-03 4.958E-12 4.273E-12 1.527E-12 1.527E-12 1.649E-12 3.912E-12 2.325E-01 9.08E-08 CPU: Linf

    istep   nelt  nels  N  npt1    npts   time         dt     HXerr     HYerr     HZerr     EXerr     EYerr     EZerr    cpu_t   cpu_t_pts
         6  125   11   15  165   512000 3.800E-02 6.333E-03 1.295E-12 6.475E-13 6.474E-13 4.278E-15 6.708E-14 6.734E-14 2.778E-01 9.04E-08 CPU: L2  
         6  125   11   15  165   512000 3.800E-02 6.333E-03 5.502E-12 4.257E-12 1.832E-12 1.480E-12 1.681E-12 3.648E-12 2.778E-01 9.04E-08 CPU: Linf

    istep   nelt  nels  N  npt1    npts   time         dt     HXerr     HYerr     HZerr     EXerr     EYerr     EZerr    cpu_t   cpu_t_pts
         7  125   11   15  165   512000 4.433E-02 6.333E-03 1.510E-12 7.548E-13 7.548E-13 4.349E-15 9.242E-14 9.260E-14 3.232E-01 9.02E-08 CPU: L2  
         7  125   11   15  165   512000 4.433E-02 6.333E-03 6.137E-12 4.355E-12 2.136E-12 1.511E-12 1.742E-12 3.588E-12 3.232E-01 9.02E-08 CPU: Linf

    istep   nelt  nels  N  npt1    npts   time         dt     HXerr     HYerr     HZerr     EXerr     EYerr     EZerr    cpu_t   cpu_t_pts
         8  125   11   15  165   512000 5.067E-02 6.333E-03 1.724E-12 8.619E-13 8.619E-13 4.450E-15 1.219E-13 1.220E-13 3.684E-01 8.99E-08 CPU: L2  
         8  125   11   15  165   512000 5.067E-02 6.333E-03 6.858E-12 4.645E-12 2.439E-12 1.565E-12 1.848E-12 3.645E-12 3.684E-01 8.99E-08 CPU: Linf

    istep   nelt  nels  N  npt1    npts   time         dt     HXerr     HYerr     HZerr     EXerr     EYerr     EZerr    cpu_t   cpu_t_pts
         9  125   11   15  165   512000 5.700E-02 6.333E-03 1.937E-12 9.687E-13 9.687E-13 4.546E-15 1.555E-13 1.556E-13 4.137E-01 8.98E-08 CPU: L2  
         9  125   11   15  165   512000 5.700E-02 6.333E-03 7.628E-12 5.051E-12 2.741E-12 1.604E-12 1.989E-12 3.821E-12 4.137E-01 8.98E-08 CPU: Linf

    istep   nelt  nels  N  npt1    npts   time         dt     HXerr     HYerr     HZerr     EXerr     EYerr     EZerr    cpu_t   cpu_t_pts
        10  125   11   15  165   512000 6.333E-02 6.333E-03 2.150E-12 1.075E-12 1.075E-12 4.620E-15 1.932E-13 1.932E-13 4.590E-01 8.96E-08 CPU: L2  
        10  125   11   15  165   512000 6.333E-02 6.333E-03 8.406E-12 5.580E-12 3.043E-12 1.617E-12 2.149E-12 4.034E-12 4.590E-01 8.96E-08 CPU: Linf

    istep   nelt  nels  N  npt1    npts   time         dt     HXerr     HYerr     HZerr     EXerr     EYerr     EZerr    cpu_t   cpu_t_pts
       100  125   11   15  165   512000 6.333E-01 6.333E-03 9.987E-12 4.995E-12 4.994E-12 3.692E-14 1.660E-11 1.660E-11 4.534E+00 8.86E-08 CPU: L2  
       100  125   11   15  165   512000 6.333E-01 6.333E-03 3.938E-11 2.785E-11 1.910E-11 6.595E-12 4.699E-11 4.987E-11 4.534E+00 8.86E-08 CPU: Linf

 max timestep=     1000; estimated remaining time (min)=      0.68

    istep   nelt  nels  N  npt1    npts   time         dt     HXerr     HYerr     HZerr     EXerr     EYerr     EZerr    cpu_t   cpu_t_pts
       200  125   11   15  165   512000 1.267E+00 6.333E-03 2.500E-11 1.250E-11 1.250E-11 1.095E-13 3.054E-11 3.054E-11 9.061E+00 8.85E-08 CPU: L2  
       200  125   11   15  165   512000 1.267E+00 6.333E-03 7.539E-11 4.030E-11 3.536E-11 1.979E-11 8.643E-11 9.951E-11 9.061E+00 8.85E-08 CPU: Linf

 max timestep=     1000; estimated remaining time (min)=      0.60

    istep   nelt  nels  N  npt1    npts   time         dt     HXerr     HYerr     HZerr     EXerr     EYerr     EZerr    cpu_t   cpu_t_pts
       300  125   11   15  165   512000 1.900E+00 6.333E-03 6.418E-11 3.209E-11 3.209E-11 1.391E-13 8.005E-12 8.002E-12 1.359E+01 8.85E-08 CPU: L2  
       300  125   11   15  165   512000 1.900E+00 6.333E-03 1.818E-10 9.092E-11 9.076E-11 2.536E-11 5.133E-11 6.504E-11 1.359E+01 8.85E-08 CPU: Linf

 max timestep=     1000; estimated remaining time (min)=      0.53

    istep   nelt  nels  N  npt1    npts   time         dt     HXerr     HYerr     HZerr     EXerr     EYerr     EZerr    cpu_t   cpu_t_pts
       400  125   11   15  165   512000 2.533E+00 6.333E-03 2.809E-11 1.405E-11 1.405E-11 9.343E-14 7.082E-11 7.082E-11 1.812E+01 8.85E-08 CPU: L2  
       400  125   11   15  165   512000 2.533E+00 6.333E-03 8.608E-11 4.667E-11 3.972E-11 1.715E-11 2.003E-10 2.050E-10 1.812E+01 8.85E-08 CPU: Linf

 max timestep=     1000; estimated remaining time (min)=      0.45

    istep   nelt  nels  N  npt1    npts   time         dt     HXerr     HYerr     HZerr     EXerr     EYerr     EZerr    cpu_t   cpu_t_pts
       500  125   11   15  165   512000 3.167E+00 6.333E-03 7.495E-11 3.748E-11 3.748E-11 2.272E-14 6.746E-11 6.746E-11 2.264E+01 8.84E-08 CPU: L2  
       500  125   11   15  165   512000 3.167E+00 6.333E-03 2.132E-10 1.066E-10 1.060E-10 4.287E-12 1.908E-10 1.943E-10 2.264E+01 8.84E-08 CPU: Linf

 max timestep=     1000; estimated remaining time (min)=      0.38

    istep   nelt  nels  N  npt1    npts   time         dt     HXerr     HYerr     HZerr     EXerr     EYerr     EZerr    cpu_t   cpu_t_pts
       600  125   11   15  165   512000 3.800E+00 6.333E-03 1.242E-10 6.211E-11 6.211E-11 6.438E-15 3.237E-11 3.237E-11 2.717E+01 8.84E-08 CPU: L2  
       600  125   11   15  165   512000 3.800E+00 6.333E-03 3.518E-10 1.759E-10 1.757E-10 1.481E-12 9.161E-11 9.522E-11 2.717E+01 8.84E-08 CPU: Linf

 max timestep=     1000; estimated remaining time (min)=      0.30

    istep   nelt  nels  N  npt1    npts   time         dt     HXerr     HYerr     HZerr     EXerr     EYerr     EZerr    cpu_t   cpu_t_pts
       700  125   11   15  165   512000 4.433E+00 6.333E-03 2.732E-11 1.366E-11 1.366E-11 5.642E-14 1.289E-10 1.289E-10 3.170E+01 8.84E-08 CPU: L2  
       700  125   11   15  165   512000 4.433E+00 6.333E-03 8.432E-11 4.587E-11 3.864E-11 1.005E-11 3.647E-10 3.672E-10 3.170E+01 8.84E-08 CPU: Linf

 max timestep=     1000; estimated remaining time (min)=      0.23

    istep   nelt  nels  N  npt1    npts   time         dt     HXerr     HYerr     HZerr     EXerr     EYerr     EZerr    cpu_t   cpu_t_pts
       800  125   11   15  165   512000 5.067E+00 6.333E-03 1.372E-10 6.858E-11 6.858E-11 1.247E-13 9.130E-11 9.130E-11 3.622E+01 8.84E-08 CPU: L2  
       800  125   11   15  165   512000 5.067E+00 6.333E-03 3.889E-10 1.944E-10 1.939E-10 2.260E-11 2.583E-10 2.656E-10 3.622E+01 8.84E-08 CPU: Linf

 max timestep=     1000; estimated remaining time (min)=      0.15

    istep   nelt  nels  N  npt1    npts   time         dt     HXerr     HYerr     HZerr     EXerr     EYerr     EZerr    cpu_t   cpu_t_pts
       900  125   11   15  165   512000 5.700E+00 6.333E-03 1.759E-10 8.797E-11 8.797E-11 1.334E-13 7.204E-11 7.204E-11 4.075E+01 8.84E-08 CPU: L2  
       900  125   11   15  165   512000 5.700E+00 6.333E-03 4.983E-10 2.491E-10 2.488E-10 2.437E-11 2.038E-10 2.121E-10 4.075E+01 8.84E-08 CPU: Linf

 max timestep=     1000; estimated remaining time (min)=      0.08

    istep   nelt  nels  N  npt1    npts   time         dt     HXerr     HYerr     HZerr     EXerr     EYerr     EZerr    cpu_t   cpu_t_pts
      1000  125   11   15  165   512000 6.333E+00 6.333E-03 6.957E-12 3.481E-12 3.480E-12 7.307E-14 1.872E-10 1.872E-10 4.528E+01 8.84E-08 CPU: L2  
      1000  125   11   15  165   512000 6.333E+00 6.333E-03 3.404E-11 3.118E-11 2.192E-11 1.344E-11 5.294E-10 5.323E-10 4.528E+01 8.84E-08 CPU: Linf

 max timestep=     1000; estimated remaining time (min)=      0.00
 
 Preprocessor options::  
 
 IFSE=F, IFDG=T IFNEDELEC=F, IFCG=F, IFGMRES=T, IFDIRECT=F, IFGFDM=F
 SRC=F, TM=F, TE=T, CENTRAL=F, UPWIND=T, PML=F, PEC=F EIG=F, EXP=F, RK45=T, RK4=F, RK3=F, RK2=FSIM5=F, SIM4=F, SIM3=F, SIM2=F, SIM1=F, BDF1=F, BDF2=F
 DEALIAS=F, SCAT=F, SFTF=F, NM=F, DIELEC=F, FILTER=F, SOL=T, POISSON=F, DRUDE=F, LORENTZ=F, HYDRO=F, DRIFT=F, EXCT=F, INHOM=F, Dealias_M= 16, Krylov_Dim=  1

 

 setup: time2/time1/time2-time1:: 1.4029E+09 1.4029E+09 1.9032E+00 sec 
 solve: time2/time1/time2-time1:: 1.4029E+09 1.4029E+09 4.7217E+01 sec 
 total: time2/time1/time2-time1:: 1.4029E+09 1.4029E+09 4.9120E+01 sec 
 setup: wtime2/wtime1/wtime2-wtime1:: 0.0000E+00 0.0000E+00 0.0000E+00 sec 
 solve: wtime2/wtime1/wtime2-wtime1:: 0.0000E+00 0.0000E+00 0.0000E+00 sec 
 total: wtime2/wtime1/wtime2-wtime1:: 0.0000E+00 0.0000E+00 0.0000E+00 sec 
 

 ===============================================================
    Job successfully completed !!!!   
 ===============================================================
 time meausures over np =            1
 setup wtime (avg/nid0/max):: 0.0000E+00 0.0000E+00 0.0000E+00 sec 
 solve wtime (avg/nid0/max):: 0.0000E+00 0.0000E+00 0.0000E+00 sec 
 total wtime (avg/nid0/max):: 0.0000E+00 0.0000E+00 0.0000E+00 sec 
 setup  time (avg/nid0/max):: 1.9032E+00 1.9032E+00 1.9032E+00 sec 
 solve  time (avg/nid0/max):: 4.7217E+01 4.7217E+01 4.7217E+01 sec 
 total  time (avg/nid0/max):: 4.9120E+01 4.9120E+01 4.9120E+01 sec 
 ===============================================================
  total time measures (CPU + OMP + GPU)
    total computation         :: 4.5277E+01 sec 
    total communication       :: 0.0000E+00 sec 
    total io time             :: 0.0000E+00 sec 
    total userchk time        :: 1.2872E-02 sec 
    total computation/step    :: 4.5277E-02 sec 
    total communication /step :: 0.0000E+00 sec 
    total io time       /step :: 0.0000E+00 sec 
    computation time/step/pts :: 8.8432E-08 sec 
    io          time/step/pts :: 0.0000E+00 sec 
    io          swaptime      :: 0.0000E+00 sec 
    io/comp     time/step/pts):: 0.0000E+00 %   
    communication/computation :: 0.0000E+00 %   
 ===============================================================
 GPU: OpenACC is ON 
    total ACC computation     :: 4.5277E+01 sec 
    total ACC communication   :: 2.6655E+00 sec 
    ACC computation  /step    :: 4.5277E-02 sec 
    ACC communication/step    :: 2.6655E-03 sec 
 ===============================================================
    total CUDA computation    :: 0.0000E+00 sec 
    total CUDA communication  :: 0.0000E+00 sec 
    CUDA computation  /step   :: 0.0000E+00 sec 
    CUDA communication/step   :: 0.0000E+00 sec 
 ===============================================================
 

  
call exitt: dying ...
  
  
total elapsed time             :   1.40286E+09 sec
total solver time incl. I/O    :   4.44599-317 sec
time/timestep                  :   0.00000E+00 sec
CPU seconds/timestep/gridpt    :   0.00000E+00 sec

Application 5404097 resources: utime ~35s, stime ~14s, Rss ~751856, inblocks ~6352, outblocks ~17621
