Warning: no access to tty (Bad file descriptor).
Thus no job control in this shell.
/----------------------------------------------------------\\
|      _   __ ______ __ __  ______  ______   __  _____     |
|     / | / // ____// //_/ / ____/ / __ _ / / _|/ __  /    |
|    /  |/ // __/  / ,<   / /     / /__/   / / / / / /     |
|   / /|  // /___ / /| | / /_ _  / /___   /_/ / / / /      |
|  /_/ |_//_____//_/ |_|/_____/ /______/ /_/ /_/ /_/       |
|                                                          |
|----------------------------------------------------------|
|                                                          |
| NekCEM :  Nek5000 for Computational ElectroMagnetics     |
|           Open Source Spectal Element DG Maxwell Solver  |
| Source :  https://svn.mcs.anl.gov/repos/NEKCEM           |
|                                                          |
\\----------------------------------------------------------/
                                                              

 Number of processors: 262144
 REAL    wdsize      : 8
 INTEGER wdsize      : 4
 call data_init2
 IFCEM=  T
 \n Preprocessor options::  
   MOAB off at compile time
   MPI on: -DNO_MPI not defined
   GPU off at compile time
   OpenMP off: -DOMP not defined
 \n PDE/ODE Options:: 
   IFPDE=  T
   IFODE=  F  (quantum solver)
 \n Mesh options:: 
   IFHEX=  T  (hexahedral )
   IFTET=  F  (tetrahedral)
 \n Available basis:: 
   IFDG     =  T  (SEDG   )
   IFNEDELEC=  F  (Nedelec)


  Beginning session:
  /lustre/atlas/scratch/mmin/nti104/NEKCEM/trunk/examples/openacc_mpi=16384/box.

 
 done: data_init2:: 2.43830680847167969E-2  sec
 call read_init2
 timer accuracy:   9.5367432E-08 sec

 read .rea file
 NPSCAL/nfield/ldimt 0,  2*1
 read .re2 file
 byte swap: F,  6.54321003,  -2.931277218E+35
 nelgt/nelgv/lelt:  2048000  2048000      125
 lx1  /lx2  /lx3 :       15       15       15
 call   mapelpr, mapping elements to processors
 call   set_proc_map()
 ifgtp/gfdm/zper 3*F
 get_vert, ncrnr= 8
 ifgfdm F
 done:: set_proc_map()
 element load imbalance:  1,  7,  8
 done :: mapelpr, mapping elements to processors\n
 gfdm/ifgtp/ifre2 2*F,  T
   reading mesh 
   reading curved sides 
   reading bc for ifld 1
 done :: read .re2 file
  
 done :: close .rea file    395.43     sec

 done: readat2 :: 395.43262195587158  sec
 call para_init2
 done: para_init2
 setup mesh topology
   Right-handed check complete for**** elements. OK.
 0,  7,  3750,  42  Fgbtuple 15
   setvert3d:  15  1120256000  5619712000  1120256000  1120256000
   call usrsetvert
   done :: usrsetvert

gs_setup: 706255616 unique labels shared
   pairwise times (avg, min, max): 0.000752659 0.000317788 0.001314
   crystal router                : 0.00201708 0.00199831 0.00205781
   used all_to_all method: pairwise
   handle bytes (avg, min, max): 187595 163380 209148
   buffer bytes (avg, min, max): 101386 82864 126944
   setup_ds time 8.0689E-01 seconds   0 15  1120256000     2048000
 setup_dgds2:: init
 0,  7,  3750,  42  Fgbtuple 17
   setvert3d:  17  1476608000  8388608000  1476608000  1476608000
   call usrsetvert
   done :: usrsetvert

 set_vert time:: 1.0874E-02 seconds 
gs_setup: 842284800 unique labels shared
   pairwise times (avg, min, max): 0.00063312 0.000267816 0.0012188
   crystal router                : 0.00231358 0.0022877 0.00235789
   used all_to_all method: pairwise
   handle bytes (avg, min, max): 204225 178644 227436
   buffer bytes (avg, min, max): 102818 86400 129600
   gs_setup time:: 7.3259E-01 seconds 
 setup_dsdg2 time:: 7.4360E-01 seconds   1 15  1476608000     2048000
 done :: setup mesh topology
 .
 8  max multiplicity
npts/nelt/nxyz/nxzfl/nfield    23625        7     3375     9450    1
 call usrdat
 done :: usrdat

 call set_options
 IFMAXWELL    T
 IFSCHROD     F
 IFDRIFT      F
 IFDRUDE      F
 IFLOREN      F
 IFBEAM       F
 IFWAKE       F
 IFMOVW       F
 IFFILTER     F
 IFNAPY       F
 IFWAKET      F
 IFVARDT      F
 IFPBG        F
 IFDIELEC     F
 IFPOISSON    F
 IFGMRES      F
 IFCG         F
 IFSEMG       F
 IFFDM        F
 IFIC         F
 IFSOL        T
 IFSRC        F
 IFSCAT       F
 IFSFTF       F
 IFCENTRAL    F
 IFUPWIND     T
 IFDEALIAS    F
 IFTM         F
 IFTE         T
 IFEIG        F
 IFEXP        F
 IFRK45       T
 IFRK44       F
 IFRK33       F
 IFRK22       F
 IFSIM5       F
 IFSIM4       F
 IFSIM3       F
 IFSIM2       F
 IFSIM1       F
 IFDTCTL      F
 IFPEC        F
 IFROB        F
 IFINHOM      F
 IFPML        F
 IFDTN        F
 IFNM         F
 IFRESTART    F
 
 cspeed   = 1.
 permit_0 = 1.
 permea_0 = 1.
 nmscale  = 1.
 
 done :: set_options

 call setlog
 ifflow/ifheat/nfield T,  F,  1
 ifield0/nfld 2*1
 IFSTRS = F
 IFCHAR = F
 IFAXIS = F
 IFMVBD = F
 IFMELT = F
 IFMODEL= F
 IFKEPS = F
   
 IFVCOR = T
 IFINTQ = F
 IFCWUZ = F
 IFSWALL= F
 IFGEOM = F
 IFSURT = F
 IFWCNO = F
 IFCEM  = T
   
 IFADVC for field 1    =  F
 IFNONL for field 1    =  F
 done :: setlog

 call gengeom
 genwz
 gencoor
 geom1
 Vol: 2*7.9999999999999902
 volumn
 setdef
 done :: generate geomerty data
  
 done :: gengeom

 call usrdat2
 done :: usrdat2

 call geom_reset
 this is bm2: 4.85549942125391248E-10
 Vol: 2*248.0502134423968
 done :: geom_reset

 call set_unr   
 done :: set_unr

  Mesh consistency check, OK.
 call load_semhat_weighted
 done :: load_semhat_weighted

 dofs: 0,  -2147483648,  81920000
 \n Preprocessor options::  
   hpm off: -DHPM not defined
 \n
 IFMAXWELL    T
 IFSCHROD     F
 IFDRIFT      F
 IFDRUDE      F
 IFLOREN      F
 IFBEAM       F
 IFWAKE       F
 IFMOVW       F
 IFFILTER     F
 IFNAPY       F
 IFWAKET      F
 IFVARDT      F
 IFPBG        F
 IFDIELEC     F
 IFPOISSON    F
 IFGMRES      F
 IFCG         F
 IFSEMG       F
 IFFDM        F
 IFIC         F
 IFSOL        T
 IFSRC        F
 IFSCAT       F
 IFSFTF       F
 IFCENTRAL    F
 IFUPWIND     T
 IFDEALIAS    F
 IFTM         F
 IFTE         T
 IFEIG        F
 IFEXP        F
 IFRK45       T
 IFRK44       F
 IFRK33       F
 IFRK22       F
 IFSIM5       F
 IFSIM4       F
 IFSIM3       F
 IFSIM2       F
 IFSIM1       F
 IFDTCTL      F
 IFPEC        F
 IFROB        F
 IFINHOM      F
 IFPML        F
 IFDTN        F
 IFNM         F
 IFRESTART    F
 
 cspeed   = 1.
 permit_0 = 1.
 permea_0 = 1.
 nmscale  = 1.
 
 start: initialize geom and fields
 done: initialization geom/fields
 start: cem_set_fc_ptr, volume index j=cemface(i)
 done: cem_set_fc_ptr, ncemface=  9450
 npts 23625,  3*15,  7
 permit_max= 1.
 permit_min= 1.
 permea_max= 1.
 permea_min= 1.
 start: cem_maxwell_materials
 done: cem_maxwell_materials
 start: cem_alternatve_flux_ptr-> index setting
 done: cem_alternate_flux_ptr
 nid=0: gs_op_fields: single vector 6.39700889587402344E-3 sec
 nid=0: gs_op_fields: multi  vector 3.1681060791015625E-3 sec
 gs_op_fields: chose multi vector 
 done: inverse mass matrix
 \n dxmin= 1.12820439260774563E-3
 dt= 2.25640878521549143E-4 , CFL= 0.20000000000000001
 IFDRIFT= F
 usersol: done, IFSOL= T
 userini: done, IFSOL= T

    istep   nelt  nels  N  npt1    npts   time         dt     HXerr     HYerr     HZerr     EXerr     EYerr     EZerr    cpu_t   cpu_t_pts
         0    7    2   14   28    23625 0.000E+00 2.256E-04 0.000E+00 0.000E+00 0.000E+00 0.000E+00 0.000E+00 0.000E+00 0.000E+00 0.00E+00 CPU: L2  
         0    7    2   14   28    23625 0.000E+00 2.256E-04 0.000E+00 0.000E+00 0.000E+00 0.000E+00 0.000E+00 0.000E+00 0.000E+00 0.00E+00 CPU: Linf
 userchk: done, ifrestart= F
 IFDOUBLE= T
 param(81)= 0
 param(82)= 1
 param(83)= 0
 dumpno   = 0
 IFRK,IFSIM,IFBDF T,  2*F
 param(17): defined as  0.
 initial time= 0. , final time= 1.E+20
 total nsteps= 1000
 iocomm= 1000 , iostep= 1000
 . 
 ============================
 ========  BEGIN RUN ========
 ============================
 istep=     1    to      1000

    istep   nelt  nels  N  npt1    npts   time         dt     HXerr     HYerr     HZerr     EXerr     EYerr     EZerr    cpu_t   cpu_t_pts
         1    7    2   14   28    23625 2.256E-04 2.256E-04 6.948E-15 6.198E-15 2.021E-16 4.338E-15 4.411E-15 1.943E-15 1.049E-01 4.44E-06 CPU: L2  
         1    7    2   14   28    23625 2.256E-04 2.256E-04 1.231E-11 1.230E-11 1.154E-13 7.139E-12 7.727E-12 4.865E-12 1.049E-01 4.44E-06 CPU: Linf

    istep   nelt  nels  N  npt1    npts   time         dt     HXerr     HYerr     HZerr     EXerr     EYerr     EZerr    cpu_t   cpu_t_pts
         2    7    2   14   28    23625 4.513E-04 2.256E-04 1.166E-14 1.031E-14 5.131E-16 7.071E-15 7.244E-15 4.815E-15 2.099E-01 4.44E-06 CPU: L2  
         2    7    2   14   28    23625 4.513E-04 2.256E-04 1.347E-11 1.345E-11 5.344E-13 1.120E-11 1.215E-11 6.930E-12 2.099E-01 4.44E-06 CPU: Linf

    istep   nelt  nels  N  npt1    npts   time         dt     HXerr     HYerr     HZerr     EXerr     EYerr     EZerr    cpu_t   cpu_t_pts
         3    7    2   14   28    23625 6.769E-04 2.256E-04 1.588E-14 1.402E-14 1.038E-15 8.697E-15 8.976E-15 7.545E-15 3.143E-01 4.43E-06 CPU: L2  
         3    7    2   14   28    23625 6.769E-04 2.256E-04 1.608E-11 1.605E-11 9.239E-13 1.315E-11 1.429E-11 4.394E-12 3.143E-01 4.43E-06 CPU: Linf

    istep   nelt  nels  N  npt1    npts   time         dt     HXerr     HYerr     HZerr     EXerr     EYerr     EZerr    cpu_t   cpu_t_pts
         4    7    2   14   28    23625 9.026E-04 2.256E-04 1.962E-14 1.725E-14 1.673E-15 9.668E-15 1.003E-14 1.059E-14 4.194E-01 4.44E-06 CPU: L2  
         4    7    2   14   28    23625 9.026E-04 2.256E-04 1.879E-11 1.874E-11 9.780E-13 1.403E-11 1.523E-11 1.159E-11 4.194E-01 4.44E-06 CPU: Linf

    istep   nelt  nels  N  npt1    npts   time         dt     HXerr     HYerr     HZerr     EXerr     EYerr     EZerr    cpu_t   cpu_t_pts
         5    7    2   14   28    23625 1.128E-03 2.256E-04 2.291E-14 1.999E-14 2.339E-15 1.023E-14 1.067E-14 1.367E-14 5.243E-01 4.44E-06 CPU: L2  
         5    7    2   14   28    23625 1.128E-03 2.256E-04 2.028E-11 2.023E-11 1.006E-12 1.443E-11 1.565E-11 2.242E-11 5.243E-01 4.44E-06 CPU: Linf

    istep   nelt  nels  N  npt1    npts   time         dt     HXerr     HYerr     HZerr     EXerr     EYerr     EZerr    cpu_t   cpu_t_pts
         6    7    2   14   28    23625 1.354E-03 2.256E-04 2.594E-14 2.245E-14 3.009E-15 1.049E-14 1.103E-14 1.626E-14 6.274E-01 4.43E-06 CPU: L2  
         6    7    2   14   28    23625 1.354E-03 2.256E-04 2.107E-11 2.104E-11 9.833E-13 1.463E-11 1.584E-11 2.927E-11 6.274E-01 4.43E-06 CPU: Linf

    istep   nelt  nels  N  npt1    npts   time         dt     HXerr     HYerr     HZerr     EXerr     EYerr     EZerr    cpu_t   cpu_t_pts
         7    7    2   14   28    23625 1.579E-03 2.256E-04 2.889E-14 2.484E-14 3.677E-15 1.053E-14 1.119E-14 1.817E-14 7.309E-01 4.42E-06 CPU: L2  
         7    7    2   14   28    23625 1.579E-03 2.256E-04 2.203E-11 2.225E-11 1.356E-12 1.470E-11 1.591E-11 3.159E-11 7.309E-01 4.42E-06 CPU: Linf

    istep   nelt  nels  N  npt1    npts   time         dt     HXerr     HYerr     HZerr     EXerr     EYerr     EZerr    cpu_t   cpu_t_pts
         8    7    2   14   28    23625 1.805E-03 2.256E-04 3.186E-14 2.731E-14 4.345E-15 1.040E-14 1.122E-14 1.951E-14 8.349E-01 4.42E-06 CPU: L2  
         8    7    2   14   28    23625 1.805E-03 2.256E-04 2.227E-11 2.257E-11 1.928E-12 1.466E-11 1.587E-11 3.053E-11 8.349E-01 4.42E-06 CPU: Linf

    istep   nelt  nels  N  npt1    npts   time         dt     HXerr     HYerr     HZerr     EXerr     EYerr     EZerr    cpu_t   cpu_t_pts
         9    7    2   14   28    23625 2.031E-03 2.256E-04 3.491E-14 2.988E-14 5.008E-15 1.017E-14 1.118E-14 2.042E-14 9.400E-01 4.42E-06 CPU: L2  
         9    7    2   14   28    23625 2.031E-03 2.256E-04 2.334E-11 2.334E-11 2.312E-12 1.454E-11 1.575E-11 2.769E-11 9.400E-01 4.42E-06 CPU: Linf

    istep   nelt  nels  N  npt1    npts   time         dt     HXerr     HYerr     HZerr     EXerr     EYerr     EZerr    cpu_t   cpu_t_pts
        10    7    2   14   28    23625 2.256E-03 2.256E-04 3.802E-14 3.255E-14 5.660E-15 9.890E-15 1.113E-14 2.101E-14 1.045E+00 4.42E-06 CPU: L2  
        10    7    2   14   28    23625 2.256E-03 2.256E-04 2.510E-11 2.509E-11 2.518E-12 1.439E-11 1.560E-11 2.440E-11 1.045E+00 4.42E-06 CPU: Linf

    istep   nelt  nels  N  npt1    npts   time         dt     HXerr     HYerr     HZerr     EXerr     EYerr     EZerr    cpu_t   cpu_t_pts
      1000    7    2   14   28    23625 2.256E-01 2.256E-04 3.258E-12 2.845E-12 7.082E-13 1.287E-13 2.602E-13 2.341E-13 1.276E+02 4.85E-06 CPU: L2  
      1000    7    2   14   28    23625 2.256E-01 2.256E-04 1.845E-09 1.845E-09 7.349E-10 6.437E-11 1.448E-10 1.150E-10 1.276E+02 4.85E-06 CPU: Linf

 max timestep=     1000; estimated remaining time (min)=      0.00
 \n Preprocessor options::  
 
 IFSE=F, IFDG=T IFNEDELEC=F, IFCG=F, IFGMRES=F, IFDIRECT=F, IFGFDM=F, IFGFDMDD=F, IFFDM=F, IFSEMG=F
 SRC=F, TM=F, TE=T, CENTRAL=F, UPWIND=T, PML=F, PEC=F EIG=F, EXP=F, RK45=T, RK4=F, RK3=F, RK2=FSIM5=F, SIM4=F, SIM3=F, SIM2=F, SIM1=F, BDF1=F, BDF2=F
 DEALIAS=F, SCAT=F, SFTF=F, NM=F, DIELEC=F, FILTER=F, SOL=T, POISSON=F, DRUDE=F, LORENTZ=F, HYDRO=F, DRIFT=F, EXCT=F, INHOM=F, Dealias_M= 15, Krylov_Dim=  1\n
 \n
 setup: time2/time1/time2-time1:: 1.4260E+09 1.4260E+09 3.9713E+02 sec 
 solve: time2/time1/time2-time1:: 1.4260E+09 1.4260E+09 1.2788E+02 sec 
 total: time2/time1/time2-time1:: 1.4260E+09 1.4260E+09 5.2501E+02 sec 
 \n
 ===============================================================
    Job successfully completed !!!!   
 ===============================================================
 time meausures over np = 262144
 setup  time (avg/nid0/max):: 3.9713E+02 3.9713E+02 3.9714E+02 sec 
 solve  time (avg/nid0/max):: 1.2788E+02 1.2788E+02 1.2788E+02 sec 
 total  time (avg/nid0/max):: 5.2501E+02 5.2501E+02 5.2501E+02 sec 
 ===============================================================
  total time measures (CPU + OMP + GPU)
    total computation         :: 1.2761E+02 sec 
    total communication       :: 4.7680E+01 sec 
    total io time             :: 0.0000E+00 sec 
    total userchk time        :: 1.1790E-02 sec 
    total computation/step    :: 1.2761E-01 sec 
    total communication /step :: 4.7680E-02 sec 
    total io time       /step :: 0.0000E+00 sec 
    computation time/step/pts :: 4.8530E-06 sec 
    io          time/step/pts :: 0.0000E+00 sec 
    io          swaptime      :: 0.0000E+00 sec 
    io/comp     time/step/pts):: 0.0000E+00 %   
    communication/computation :: 3.7363E+01 %   
 ===============================================================
  
call exitt: dying ...
  
  
total elapsed time             :   1.42598E+09 sec
total solver time incl. I/O    :   0.00000E+00 sec
time/timestep                  :   0.00000E+00 sec
CPU seconds/timestep/gridpt    :   0.00000E+00 sec

Application 9253120 resources: utime ~272073269s, stime ~1491292s, Rss ~632040, inblocks ~671945303, outblocks ~1486257315
