PROF NODALL 0 a.out 1219875813 0
h birdo.mcs.anl.gov 9578 0 1
t 1 20
p 0
f ../../libs/libtfs/comm.c
r comm_init_ 1 82 1 0.000112057 6.00815e-05 0 0
f ../../libs/libtfs/ivec.c
r ivec_zero 1 127 1 5.19753e-05 5.19753e-05 0 0
f ../../libs/libtfs/tools.c
r hmt_set_file_names_ 1 632 1 3.69549e-05 3.69549e-05 0 0
f ../../src/comm_seq.F
r iniproc 1 2 1 0.000514984 0.000324011 0 0
r dclock 1 1078 4 6.69956e-05 6.69956e-05 0 0
r exitt 1 1131 1 0.00014019 0.00014019 0 0
f ../../src/connect2.F
r readat 1 1 1 0.00127411 0.00127411 0 0
r rdparam 1 68 1 0.000586033 0.000586033 0 0
r gray 1 1464 1 0.000138998 5.26905e-05 0 0
f ../../src/drive.F
r nekton 1 19 1 0.00403595 0.00159502 0 0
r initdat 1 480 1 0.000580788 5.65052e-05 0 0
r files 1 828 1 0.0010891 0.00092268 0 0
r opcount 1 1374 1 7.70092e-05 7.70092e-05 0 0
f ../../src/mat1.F
r blank 1 7 13 0.000274897 0.000274897 0 0
r rzero 1 430 4 0.000277042 0.000277042 0 0
r chcopy 1 502 19 6.77109e-05 6.77109e-05 0 0
r icopy 1 510 1 4.50611e-05 4.50611e-05 0 0
r ltrunc 1 749 2 3.40939e-05 3.40939e-05 0 0
r log2 1 780 2 5.50747e-05 5.50747e-05 0 0
r isort 1 1261 1 3.8147e-05 3.8147e-05 0 0
z
