/----------------------------------------------------------\\
|      _   __ ______ __ __  ______  ______   __  _____     |
|     / | / // ____// //_/ / ____/ / __ _ / / _|/ __  /    |
|    /  |/ // __/  / ,<   / /     / /__/   / / / / / /     |
|   / /|  // /___ / /| | / /_ _  / /___   /_/ / / / /      |
|  /_/ |_//_____//_/ |_|/_____/ /______/ /_/ /_/ /_/       |
|                                                          |
|----------------------------------------------------------|
|                                                          |
| NekCEM :  Nek5000 for Computational ElectroMagnetics     |
|           Open Source Spectal Element DG Maxwell Solver  |
| Source :  https://svn.mcs.anl.gov/repos/NEKCEM           |
|                                                          |
\\----------------------------------------------------------/
                                                              

 Number of processors:           4
 REAL    wdsize      :           8
 INTEGER wdsize      :           4
 call data_init2
 IFCEM=  T
 \n Preprocessor options::  
   MOAB off at compile time
   MPI on: -DNO_MPI not defined
   GPU off at compile time
   OpenMP off: -DOMP not defined
 \n PDE/ODE Options:: 
   IFPDE=  T
   IFODE=  F  (quantum solver)
 \n Mesh options:: 
   IFHEX=  T  (hexahedral )
   IFTET=  F  (tetrahedral)
 \n Available basis:: 
   IFDG     =  T  (SEDG   )
   IFNEDELEC=  F  (Nedelec)


  Beginning session:
  /Users/misunmin/codes/NEKCEM/trunk/examples/drift3d/3dboxmultR.rea            

 
 done: data_init2::   4.3797492980957031E-004  sec
 call read_init2
 timer accuracy:   9.5367432E-08 sec

 read .rea file
 NPSCAL/nfield/ldimt           3           3           4
 nelgt/nelgv/lelt:        9        9      128
 lx1  /lx2  /lx3 :       10       10       10
 gfdm/ifgtp/ifre2 T T F
 start reading mesh
 genbox2:: opening file
3dboxmultR.rea                                                                                                                      
3                                                                                                                                   
3                      number of fields                                                                                             
 genbox: nfield=           3
#                                                                                                                                   
#    comments                                                                                                                       
#                                                                                                                                   
#                                                                                                                                   
#========================================================                                                                           
#                                                                                                                                   
Box                                                                                                                                 
-4 -4   -8 (number of elements in x,y,z)                                                                                            
Reading   128 =     4     4     8 elements for box  3.
-1  1   1              (x0,x1,gain)                                                                                                 
-1  1   1              (x0,x1,gain)                                                                                                 
-1  1   1              (x0,x1,gain)                                                                                                 
 this is ifld01:           1           3
N  ,N  ,N  ,N  ,PEC,PEC                                (bc's)                                                                       
   3   6getcv:N  
   3   6getcv:N  
   3   6getcv:N  
   3   6getcv:N  
   3   6getcv:PEC
   3   6getcv:PEC
 CBC2N  N  N  N  PECPEC           1
N  ,N  ,N  ,N  ,R  ,R                                (bc's)                                                                         
   3   6getcv:N  
   3   6getcv:N  
   3   6getcv:N  
   3   6getcv:N  
   3   6getcv:R  
   3   6getcv:R  
 CBC2N  N  N  N  R  R             2
N  ,N  ,N  ,N  ,R  ,R                                 (bc's)                                                                        
   3   6getcv:N  
   3   6getcv:N  
   3   6getcv:N  
   3   6getcv:N  
   3   6getcv:R  
   3   6getcv:R  
 CBC2N  N  N  N  R  R             3
 Beginning construction of new mesh.         128           4           4           8
 getbox: ifheat/ifmhd/ifflow= T F F
 getbox: ifld0/ifld1/nfld=           1           3           3
 call   mapelpr, mapping elements to processors
 call   set_proc_map()
 ifgtp/gfdm/zper T T F
 ngfdm:          40          40          80
 ngfdm:          40          40          80
 ngfdm:          40          40          80
 ngfdm:          40          40          80
 done:: set_proc_map()
 RANK     0 IEG       1       2       3       4       5       6       7       8
                      9      10      11      12      13      14      15      16
                     17      18      19      20      21      22      23      24
                     25      26      27      28      29      30      31      32
 element load imbalance:            0          32          32
 done :: mapelpr, mapping elements to processors\n
 makebox: nfield=           3
 read mesh time:: 4.5059E-03 seconds 
 done :: close .rea file   0.61049E-02 sec

 done: readat2 ::   6.1280727386474609E-003  sec
 call para_init2
 done: para_init2
 setup mesh topology
   Right-handed check complete for 128 elements. OK.
   0   1nid:0,  GTP BC:  N    N    N    N    PEC  PEC
           0          32        3840         192  Fgbtuple          10
   setvert3d:  10       34401       99937       34401       34401
   call usrsetvert
   done :: usrsetvert

gs_setup: 4107 unique labels shared
   pairwise times (avg, min, max): 7.16269e-05 7.06911e-05 7.21216e-05
   crystal router                : 0.000347471 0.000345707 0.000348783
   all reduce                    : 0.00158067 0.00154591 0.0015939
   used all_to_all method: pairwise
   handle bytes (avg, min, max): 180800 164356 197244
   buffer bytes (avg, min, max): 32856 21904 43808
   setup_ds time 5.5543E-02 seconds   0 10       34401         128
 setup_dgds2:: init
           0          32        3840         192  Fgbtuple          12
   setvert3d:  12       52225      180225       52225       52225
   call usrsetvert
   done :: usrsetvert

 set_vert time:: 9.8388E-03 seconds 
gs_setup: 4800 unique labels shared
   pairwise times (avg, min, max): 0.000352621 0.000348401 0.00035789
   crystal router                : 0.000799 0.000798512 0.000799203
   all reduce                    : 0.00175955 0.00175509 0.00176361
   used all_to_all method: pairwise
   handle bytes (avg, min, max): 211556 192340 230772
   buffer bytes (avg, min, max): 38400 25600 51200
   gs_setup time:: 6.1638E-02 seconds 
 setup_dsdg2 time:: 7.1697E-02 seconds   1 10       52225         128
 done :: setup mesh topology
 .
           8  max multiplicity
npts/nelt/nxyz/nxzfl/nfield    32000       32     1000    19200    3
 call usrdat
 done :: usrdat

 call set_options
 IFMAXWELL    F
 IFSCHROD     F
 IFDRIFT      T
 IFDRUDE      F
 IFLOREN      F
 IFBEAM       F
 IFWAKE       F
 IFMOVW       F
 IFFILTER     F
 IFNAPY       F
 IFWAKET      F
 IFVARDT      F
 IFPBG        F
 IFDIELEC     F
 IFPOISSON    F
 IFGMRES      F
 IFCG         F
 IFSEMG       T
 IFFDM        T
 IFIC         F
 IFSOL        T
 IFSRC        T
 IFSCAT       F
 IFSFTF       F
 IFCENTRAL    F
 IFUPWIND     T
 IFDEALIAS    F
 IFTM         F
 IFTE         T
 IFEIG        F
 IFEXP        F
 IFRK45       F
 IFRK44       F
 IFRK33       F
 IFRK22       F
 IFSIM5       F
 IFSIM4       F
 IFSIM3       F
 IFSIM2       F
 IFSIM1       F
 IFDTCTL      F
 IFPEC        F
 IFROB        F
 IFNEU        F
 IFINHOM      T
 IFPML        F
 IFDTN        F
 IFNM         F
 IFRESTART    F

 cspeed   =   1.0000000000000000     
 permit_0 =   1.0000000000000000     
 permea_0 =   1.0000000000000000     
 nmscale  =   1.0000000000000000     

 done :: set_options

 call setlog
 ifflow/ifheat/nfield F T           3
 ifield0/nfld           1           3
 IFSTRS = F
 IFCHAR = F
 IFAXIS = F
 IFMVBD = F
 IFMELT = F
 IFMODEL= F
 IFKEPS = F
   
 IFVCOR = T
 IFINTQ = F
 IFCWUZ = F
 IFSWALL= F
 IFGEOM = F
 IFSURT = F
 IFWCNO = F
 IFCEM  = T
   
 IFADVC for field           1    =  F
 IFNONL for field           1    =  F
   
 IFADVC for field           2    =  F
 IFNONL for field           2    =  F
   
 IFADVC for field           3    =  F
 IFNONL for field           3    =  F
 done :: setlog

 call gengeom
 genwz
 gencoor
 geom1
 Vol:   7.9999999999998428        7.9999999999998428     
 volumn
 setdef
 done :: generate geomerty data
  
 done :: gengeom

 call usrdat2
 sx/sy/sz  0.99999999999999978       0.99999999999999978       0.99999999999999978        2.0000000000000000E-002
 re: 2           1
 re: 2           2
 re: 2           3
 re: 2           4
 re: 2           5
 re: 2           6
 re: 2           7
 re: 2           8
 re: 1           9
 re: 1          10
 re: 1          11
 re: 1          12
 re: 1          13
 re: 1          14
 re: 1          15
 re: 1          16
 re: 2          17
 re: 2          18
 re: 2          19
 re: 2          20
 re: 2          21
 re: 2          22
 re: 2          23
 re: 2          24
 re: 1          25
 re: 1          26
 re: 1          27
 re: 1          28
 re: 1          29
 re: 1          30
 re: 1          31
 re: 1          32
 xmin/xmax  -1.0000000000000000        1.0000000000000000     
 ymin/ymax  -1.0000000000000000        1.0000000000000000     
 zmin/zmax  -1.0000000000000000        1.0000000000000000     
 re: 2           1
 re: 2           2
 re: 2           3
 re: 2           4
 re: 2           5
 re: 2           6
 re: 2           7
 re: 2           8
 re: 1           9
 re: 1          10
 re: 1          11
 re: 1          12
 re: 1          13
 re: 1          14
 re: 1          15
 re: 1          16
 re: 2          17
 re: 2          18
 re: 2          19
 re: 2          20
 re: 2          21
 re: 2          22
 re: 2          23
 re: 2          24
 re: 1          25
 re: 1          26
 re: 1          27
 re: 1          28
 re: 1          29
 re: 1          30
 re: 1          31
 re: 1          32
 done :: usrdat2

 call geom_reset
 re: 2           1
 re: 2           2
 re: 2           3
 re: 2           4
 re: 2           5
 re: 2           6
 re: 2           7
 re: 2           8
 re: 1           9
 re: 1          10
 re: 1          11
 re: 1          12
 re: 1          13
 re: 1          14
 re: 1          15
 re: 1          16
 re: 2          17
 re: 2          18
 re: 2          19
 re: 2          20
 re: 2          21
 re: 2          22
 re: 2          23
 re: 2          24
 re: 1          25
 re: 1          26
 re: 1          27
 re: 1          28
 re: 1          29
 re: 1          30
 re: 1          31
 re: 1          32
 re: 2           1
 re: 2           2
 re: 2           3
 re: 2           4
 re: 2           5
 re: 2           6
 re: 2           7
 re: 2           8
 re: 1           9
 re: 1          10
 re: 1          11
 re: 1          12
 re: 1          13
 re: 1          14
 re: 1          15
 re: 1          16
 re: 2          17
 re: 2          18
 re: 2          19
 re: 2          20
 re: 2          21
 re: 2          22
 re: 2          23
 re: 2          24
 re: 1          25
 re: 1          26
 re: 1          27
 re: 1          28
 re: 1          29
 re: 1          30
 re: 1          31
 re: 1          32
 this is bm2:   3.0851540272194140E-006
 Vol:   7.9999999999998428        7.9999999999998428     
 done :: geom_reset

 call set_unr   
 done :: set_unr

  Mesh consistency check, OK.
 call load_semhat_weighted
 done :: load_semhat_weighted

 dofs:                    0      128000        2085
 \n Preprocessor options::  
   hpm off: -DHPM not defined
 \n
 IFMAXWELL    F
 IFSCHROD     F
 IFDRIFT      T
 IFDRUDE      F
 IFLOREN      F
 IFBEAM       F
 IFWAKE       F
 IFMOVW       F
 IFFILTER     F
 IFNAPY       F
 IFWAKET      F
 IFVARDT      F
 IFPBG        F
 IFDIELEC     F
 IFPOISSON    F
 IFGMRES      F
 IFCG         F
 IFSEMG       T
 IFFDM        T
 IFIC         F
 IFSOL        T
 IFSRC        T
 IFSCAT       F
 IFSFTF       F
 IFCENTRAL    F
 IFUPWIND     T
 IFDEALIAS    F
 IFTM         F
 IFTE         T
 IFEIG        F
 IFEXP        F
 IFRK45       F
 IFRK44       F
 IFRK33       F
 IFRK22       F
 IFSIM5       F
 IFSIM4       F
 IFSIM3       F
 IFSIM2       F
 IFSIM1       F
 IFDTCTL      F
 IFPEC        T
 IFROB        T
 IFNEU        T
 IFINHOM      T
 IFPML        F
 IFDTN        F
 IFNM         F
 IFRESTART    F

 cspeed   =   1.0000000000000000     
 permit_0 =   1.0000000000000000     
 permea_0 =   1.0000000000000000     
 nmscale  =   1.0000000000000000     

 set variables: cem_drift_temporary
 done: temporary variables for geom
 start: cem_set_fc_ptr, volume index j=cemface(i)
 done: cem_set_fc_ptr, ncemface=        19200
 done: inverse mass matrix
 \n dxmin=   1.6326633430905679E-002
 dt=   9.9999999999999995E-007 , CFL=   3.7515152484439299E-003
 IFDRIFT= T
 usersol: done, IFSOL= T
 userini: done, IFSOL= T

         0   32    5    9   45    32000 1.000E+00 1.000E-06 0.000E+00 0.000E+00 0.000E+00 2.526E-01 0.000E+00 0.000E+00 0.000E+00 0.00E+00 CPU: L2  
         0   32    5    9   45    32000 1.000E+00 1.000E-06 0.000E+00 0.000E+00 0.000E+00 7.081E-01 0.000E+00 0.000E+00 0.000E+00 0.00E+00 CPU: Linf
 userchk: done, ifrestart= F
 IFDOUBLE= T
 param(81)=           4
 param(82)=           1
 param(83)=           0
 dumpno   =           0

 IFSE=T, IFDG=T IFNEDELEC=F, IFCG=F, IFGMRES=F, IFDIRECT=F, IFGFDM=T, IFGFDMDD=F, IFFDM=T, IFSEMG=T
 SRC=T, TM=F, TE=T, CENTRAL=F, UPWIND=T, PML=F, PEC=T EIG=F, EXP=F, RK45=F, RK4=F, RK3=F, RK2=FSIM5=F, SIM4=F, SIM3=F, SIM2=F, SIM1=F, BDF1=T, BDF2=F
 DEALIAS=F, SCAT=F, SFTF=F, NM=F, DIELEC=F, FILTER=F, SOL=T, POISSON=F, DRUDE=F, LORENTZ=F, HYDRO=F, DRIFT=T, EXCT=F, INHOM=T, Dealias_M=  1, Krylov_Dim=  1\n
rank 0 getfilename (and create dir if non-exist) takes 0.000035 sec.
Output files will be in local dir ./vtk
**************************************
I/O time (io_step=1) stats: overall avg = 0.046713 sec, min = 0.043121 sec, max = 0.051518 sec (io_max = 0.000000 sec, file_io_max = 0.000000 sec, wtick=0.000001 sec),checkpoint file path is ./vtk, machine is Unknown machine name (Use 2.0GHz), io_option = 4, num_groups = 0 (DEBUG_FLAG=0, COMPUTE_TRACE_FLAG=0).
**************************************
 IFRK,IFSIM,IFBDF F F T
 param(17): defined as   -1.0000000000000000     
 initial time=   1.0000000000000000      , final time=   1.0000000000000000E+020
 total nsteps=          10
 iocomm=       10000 , iostep=      100000
 . 
 ============================
 ========  BEGIN RUN ========
 ============================
 istep=     1    to        10
 yyyyyyy ssss
 yyyyyyy ssss
 mg_nx:           1           5           9
 mg_ny:           1           5           9
 mg_nz:           1           5           9
 hsmg_setup_dssum, ifgtp= T
 use regular mesh for multigrid
   0   1nid:0,  GTP BC:  N    N    N    N    PEC  PEC
   call usrsetvert
   done :: usrsetvert

gs_setup: 75 unique labels shared
   pairwise times (avg, min, max): 1.94788e-05 1.68085e-05 2.32935e-05
   crystal router                : 0.000661522 0.000628805 0.000718498
   all reduce                    : 3.78847e-05 3.66211e-05 3.91006e-05
   used all_to_all method: pairwise
   handle bytes (avg, min, max): 3776 3460 4092
   buffer bytes (avg, min, max): 600 400 800
   setup_ds time 1.8598E-02 seconds   2  2         225         128
           0          32        3840         192  Fgbtuple           4
   setvert3d:   4        3201        4225        3201        3201
   call usrsetvert
   done :: usrsetvert

gs_setup: 507 unique labels shared
   pairwise times (avg, min, max): 2.63274e-05 2.37942e-05 2.90155e-05
   crystal router                : 0.000126219 3.65019e-05 0.00025208
   used all_to_all method: pairwise
   all reduce                    : 0.000418878 0.000417709 0.000420499
   handle bytes (avg, min, max): 22688 20644 24732
   buffer bytes (avg, min, max): 4056 2704 5408
   setup_ds time 3.4352E-02 seconds   3  4        3201         128
           0          32        3840         192  Fgbtuple           6
   setvert3d:   6        9889       18081        9889        9889
   call usrsetvert
   done :: usrsetvert

gs_setup: 1323 unique labels shared
   pairwise times (avg, min, max): 2.51055e-05 2.01941e-05 3.22104e-05
   crystal router                : 0.00113101 0.00108929 0.00114758
   used all_to_all method: pairwise
   all reduce                    : 0.000450623 0.000449491 0.000451398
   handle bytes (avg, min, max): 58496 53188 63804
   buffer bytes (avg, min, max): 10584 7056 14112
   setup_ds time 4.6990E-02 seconds   4  6        9889         128
           0          32        3840         192  Fgbtuple           8
   setvert3d:   8       20289       47937       20289       20289
   call usrsetvert
   done :: usrsetvert

gs_setup: 2523 unique labels shared
   pairwise times (avg, min, max): 4.80831e-05 4.71115e-05 4.97103e-05
   crystal router                : 0.000483555 0.000437093 0.000618315
   all reduce                    : 0.00270292 0.00270128 0.00270431
   used all_to_all method: pairwise
   handle bytes (avg, min, max): 111200 101092 121308
   buffer bytes (avg, min, max): 20184 13456 26912
   setup_ds time 7.0808E-02 seconds   5  8       20289         128
 this is bm2:   3.0851540272194140E-006
 Vol:   7.9999999999998428        7.9999999999998428     
 h1_mg_nx:           1           3           9
 h1_mg_ny:           1           3           9
 h1_mg_nz:           1           3           9
 dddddd           5
 hsmg_setup_dssum, ifgtp= T
 use regular mesh for multigrid
   0   1nid:0,  GTP BC:  N    N    N    N    PEC  PEC
   call usrsetvert
   done :: usrsetvert

gs_setup: 75 unique labels shared
   pairwise times (avg, min, max): 0.000345749 0.00034411 0.0003479
   crystal router                : 0.000620234 0.00061841 0.000622511
   all reduce                    : 3.11494e-05 2.89917e-05 3.28064e-05
   used all_to_all method: allreduce
   handle bytes (avg, min, max): 4612 4012 5212
   buffer bytes (avg, min, max): 1200 1200 1200
   setup_ds time 1.6338E-02 seconds   6  2         225         128
           0          32        3840         192  Fgbtuple           4
   setvert3d:   4        3201        4225        3201        3201
   call usrsetvert
   done :: usrsetvert

gs_setup: 507 unique labels shared
   pairwise times (avg, min, max): 0.000111824 0.000110698 0.000112987
   crystal router                : 0.000291604 0.000269508 0.00035131
   used all_to_all method: pairwise
   all reduce                    : 0.000865126 0.000863099 0.000867391
   handle bytes (avg, min, max): 22688 20644 24732
   buffer bytes (avg, min, max): 4056 2704 5408
   setup_ds time 4.7064E-02 seconds   7  4        3201         128
           0          32        3840         192  Fgbtuple           4
   setvert3d:   4        3201        4225        3201        3201
   call usrsetvert
   done :: usrsetvert

gs_setup: 507 unique labels shared
   pairwise times (avg, min, max): 0.00041191 0.000388503 0.000435019
   crystal router                : 0.000367725 0.000362992 0.000371814
   used all_to_all method: crystal router
   all reduce                    : 0.00134847 0.0012665 0.00153949
   handle bytes (avg, min, max): 41388 33276 49500
   buffer bytes (avg, min, max): 6760 5408 8112
   setup_ds time 6.2388E-02 seconds   8  4        3201         128
           0          32        3840         192  Fgbtuple           6
   setvert3d:   6        9889       18081        9889        9889
   call usrsetvert
   done :: usrsetvert

gs_setup: 1323 unique labels shared
   pairwise times (avg, min, max): 3.99709e-05 2.04802e-05 9.49144e-05
   crystal router                : 0.000484878 0.000406599 0.000536418
   all reduce                    : 0.00167877 0.00167608 0.0016824
   used all_to_all method: pairwise
   handle bytes (avg, min, max): 58496 53188 63804
   buffer bytes (avg, min, max): 10584 7056 14112
   setup_ds time 4.9924E-02 seconds   9  6        9889         128
           0          32        3840         192  Fgbtuple          10
   setvert3d:  10       34401       99937       34401       34401
   call usrsetvert
   done :: usrsetvert

gs_setup: 4107 unique labels shared
   pairwise times (avg, min, max): 6.06179e-05 5.98907e-05 6.18935e-05
   crystal router                : 0.000794423 0.000793195 0.000796008
   all reduce                    : 0.00135306 0.00134771 0.0013588
   used all_to_all method: pairwise
   handle bytes (avg, min, max): 180800 164356 197244
   buffer bytes (avg, min, max): 32856 21904 43808
   setup_ds time 5.3353E-02 seconds  10 10       34401         128
           0          32        3840         192  Fgbtuple          12
   setvert3d:  12       52225      180225       52225       52225
   call usrsetvert
   done :: usrsetvert

gs_setup: 6075 unique labels shared
   pairwise times (avg, min, max): 7.18236e-05 7.11918e-05 7.21931e-05
   crystal router                : 0.000265181 0.000149298 0.000378013
   all reduce                    : 0.00067063 0.000669003 0.000672507
   used all_to_all method: pairwise
   handle bytes (avg, min, max): 267296 242980 291612
   buffer bytes (avg, min, max): 48600 32400 64800
   setup_ds time 5.4914E-02 seconds  11 12       52225         128
 setup h1 coarse grid, nxc=           2
 hsmg_setup_dssum, ifgtp= T
 use regular mesh for multigrid
   0   1nid:0,  GTP BC:  N    N    N    N    PEC  PEC
   call usrsetvert
   done :: usrsetvert

gs_setup: 75 unique labels shared
   pairwise times (avg, min, max): 9.77516e-06 9.08375e-06 1.13964e-05
   crystal router                : 2.52068e-05 2.41041e-05 2.72036e-05
   all reduce                    : 0.000329405 0.000328016 0.000331903
   used all_to_all method: pairwise
   handle bytes (avg, min, max): 3776 3460 4092
   buffer bytes (avg, min, max): 600 400 800
 done :: setup h1 coarse grid    5.0027847290039062E-002  sec
  
    1 1.00000E-12 4.55034E-01 1.90073E+00 2.39400E-01       1 gmres_mg
    2 1.00000E-12 1.45691E-01 1.90073E+00 7.66501E-02       1 gmres_mg
    3 1.00000E-12 3.77042E-02 1.90073E+00 1.98367E-02       1 gmres_mg
    4 1.00000E-12 1.29093E-02 1.90073E+00 6.79177E-03       1 gmres_mg
    5 1.00000E-12 3.73442E-03 1.90073E+00 1.96473E-03       1 gmres_mg
    6 1.00000E-12 1.29189E-03 1.90073E+00 6.79680E-04       1 gmres_mg
    7 1.00000E-12 5.10708E-04 1.90073E+00 2.68690E-04       1 gmres_mg
    8 1.00000E-12 2.14539E-04 1.90073E+00 1.12872E-04       1 gmres_mg
    9 1.00000E-12 5.91410E-05 1.90073E+00 3.11149E-05       1 gmres_mg
   10 1.00000E-12 1.90367E-05 1.90073E+00 1.00155E-05       1 gmres_mg
   11 1.00000E-12 7.19712E-06 1.90073E+00 3.78651E-06       1 gmres_mg
   12 1.00000E-12 2.57741E-06 1.90073E+00 1.35601E-06       1 gmres_mg
   13 1.00000E-12 9.54968E-07 1.90073E+00 5.02422E-07       1 gmres_mg
   14 1.00000E-12 3.79655E-07 1.90073E+00 1.99742E-07       1 gmres_mg
   15 1.00000E-12 1.47941E-07 1.90073E+00 7.78338E-08       1 gmres_mg
   16 1.00000E-12 5.87012E-08 1.90073E+00 3.08835E-08       1 gmres_mg
   17 1.00000E-12 2.03904E-08 1.90073E+00 1.07277E-08       1 gmres_mg
   18 1.00000E-12 7.45744E-09 1.90073E+00 3.92346E-09       1 gmres_mg
   19 1.00000E-12 3.02198E-09 1.90073E+00 1.58991E-09       1 gmres_mg
   20 1.00000E-12 1.07425E-09 1.90073E+00 5.65177E-10       1 gmres_mg
   21 1.00000E-12 3.91292E-10 1.90073E+00 2.05864E-10       1 gmres_mg
   22 1.00000E-12 1.49157E-10 1.90073E+00 7.84733E-11       1 gmres_mg
   23 1.00000E-12 5.65866E-11 1.90073E+00 2.97710E-11       1 gmres_mg
   24 1.00000E-12 2.29001E-11 1.90073E+00 1.20480E-11       1 gmres_mg
   25 1.00000E-12 8.14642E-12 1.90073E+00 4.28594E-12       1 gmres_mg
   26 1.00000E-12 3.09907E-12 1.90073E+00 1.63046E-12       1 gmres_mg
   27 1.00000E-12 1.14319E-12 1.90073E+00 6.01447E-13       1 gmres_mg
   28 1.00000E-12 3.84069E-13 1.90073E+00 2.02064E-13       1 gmres_mg
\n         1 gmres_mg: iteration#   28  3.8407E-13  1.0000E-12  1.9007E+00  0.0000E+00  7.3389E-01
    0   F    2.6263E-01  2.6263E-01  1.0000E-12       1 cggo2
    1   F    2.4159E-03  2.6263E-01  1.0000E-12       1 cggo2
    2   F    2.4698E-05  2.6263E-01  1.0000E-12       1 cggo2
    3   F    3.7964E-07  2.6263E-01  1.0000E-12       1 cggo2
    4   F    5.0015E-09  2.6263E-01  1.0000E-12       1 cggo2
    5   F    7.1389E-11  2.6263E-01  1.0000E-12       1 cggo2
    6   F    8.7921E-13  2.6263E-01  1.0000E-12       1 cggo2
         1 cggo2   : iteration#    7   F    8.7921E-13  2.6263E-01  1.0000E-12    | diagonal = T 
    0   F    5.2526E-01  5.2526E-01  1.0000E-12       1 cggo2
    1   F    4.8318E-03  5.2526E-01  1.0000E-12       1 cggo2
    2   F    4.9395E-05  5.2526E-01  1.0000E-12       1 cggo2
    3   F    7.5928E-07  5.2526E-01  1.0000E-12       1 cggo2
    4   F    1.0003E-08  5.2526E-01  1.0000E-12       1 cggo2
    5   F    1.4278E-10  5.2526E-01  1.0000E-12       1 cggo2
    6   F    1.7584E-12  5.2526E-01  1.0000E-12       1 cggo2
    7   F    2.6758E-14  5.2526E-01  1.0000E-12       1 cggo2
         1 cggo2   : iteration#    8   F    2.6758E-14  5.2526E-01  1.0000E-12    | diagonal = T 

    istep   nelt  nels  N  npt1    npts   time         dt     cNerr     cPerr     cEerr     cNerr     cPerr     cEerr    cpu_t   cpu_t_pts

         1   32    5    9   45    32000 1.000E+00 1.000E-06 1.578E-10 3.160E-10 0.000E+00 5.657E-10 0.000E+00 0.000E+00 1.475E+00 4.61E-05 CPU: L2  
         1   32    5    9   45    32000 1.000E+00 1.000E-06 1.981E-09 3.908E-09 0.000E+00 1.253E-09 0.000E+00 0.000E+00 1.475E+00 4.61E-05 CPU: Linf
 yyyyyyy ssss
 yyyyyyy ssss
    1 1.00000E-12 4.55035E-01 1.90073E+00 2.39400E-01       2 gmres_mg
    2 1.00000E-12 1.45691E-01 1.90073E+00 7.66501E-02       2 gmres_mg
    3 1.00000E-12 3.77043E-02 1.90073E+00 1.98367E-02       2 gmres_mg
    4 1.00000E-12 1.29093E-02 1.90073E+00 6.79177E-03       2 gmres_mg
    5 1.00000E-12 3.73443E-03 1.90073E+00 1.96473E-03       2 gmres_mg
    6 1.00000E-12 1.29189E-03 1.90073E+00 6.79680E-04       2 gmres_mg
    7 1.00000E-12 5.10708E-04 1.90073E+00 2.68690E-04       2 gmres_mg
    8 1.00000E-12 2.14540E-04 1.90073E+00 1.12872E-04       2 gmres_mg
    9 1.00000E-12 5.91410E-05 1.90073E+00 3.11149E-05       2 gmres_mg
   10 1.00000E-12 1.90368E-05 1.90073E+00 1.00155E-05       2 gmres_mg
   11 1.00000E-12 7.19713E-06 1.90073E+00 3.78651E-06       2 gmres_mg
   12 1.00000E-12 2.57741E-06 1.90073E+00 1.35601E-06       2 gmres_mg
   13 1.00000E-12 9.54969E-07 1.90073E+00 5.02422E-07       2 gmres_mg
   14 1.00000E-12 3.79656E-07 1.90073E+00 1.99742E-07       2 gmres_mg
   15 1.00000E-12 1.47941E-07 1.90073E+00 7.78338E-08       2 gmres_mg
   16 1.00000E-12 5.87013E-08 1.90073E+00 3.08835E-08       2 gmres_mg
   17 1.00000E-12 2.03905E-08 1.90073E+00 1.07277E-08       2 gmres_mg
   18 1.00000E-12 7.45745E-09 1.90073E+00 3.92346E-09       2 gmres_mg
   19 1.00000E-12 3.02199E-09 1.90073E+00 1.58991E-09       2 gmres_mg
   20 1.00000E-12 1.07425E-09 1.90073E+00 5.65177E-10       2 gmres_mg
   21 1.00000E-12 3.91292E-10 1.90073E+00 2.05864E-10       2 gmres_mg
   22 1.00000E-12 1.49157E-10 1.90073E+00 7.84733E-11       2 gmres_mg
   23 1.00000E-12 5.65867E-11 1.90073E+00 2.97710E-11       2 gmres_mg
   24 1.00000E-12 2.29003E-11 1.90073E+00 1.20481E-11       2 gmres_mg
   25 1.00000E-12 8.14641E-12 1.90073E+00 4.28593E-12       2 gmres_mg
   26 1.00000E-12 3.09930E-12 1.90073E+00 1.63058E-12       2 gmres_mg
   27 1.00000E-12 1.14393E-12 1.90073E+00 6.01838E-13       2 gmres_mg
   28 1.00000E-12 3.86221E-13 1.90073E+00 2.03196E-13       2 gmres_mg
\n         2 gmres_mg: iteration#   28  3.8622E-13  1.0000E-12  1.9007E+00  0.0000E+00  6.3753E-01
    0   F    2.6263E-01  2.6263E-01  1.0000E-12       2 cggo2
    1   F    2.4159E-03  2.6263E-01  1.0000E-12       2 cggo2
    2   F    2.4698E-05  2.6263E-01  1.0000E-12       2 cggo2
    3   F    3.7964E-07  2.6263E-01  1.0000E-12       2 cggo2
    4   F    5.0015E-09  2.6263E-01  1.0000E-12       2 cggo2
    5   F    7.1389E-11  2.6263E-01  1.0000E-12       2 cggo2
    6   F    8.7921E-13  2.6263E-01  1.0000E-12       2 cggo2
         2 cggo2   : iteration#    7   F    8.7921E-13  2.6263E-01  1.0000E-12    | diagonal = T 
    0   F    5.2526E-01  5.2526E-01  1.0000E-12       2 cggo2
    1   F    4.8318E-03  5.2526E-01  1.0000E-12       2 cggo2
    2   F    4.9395E-05  5.2526E-01  1.0000E-12       2 cggo2
    3   F    7.5928E-07  5.2526E-01  1.0000E-12       2 cggo2
    4   F    1.0003E-08  5.2526E-01  1.0000E-12       2 cggo2
    5   F    1.4278E-10  5.2526E-01  1.0000E-12       2 cggo2
    6   F    1.7584E-12  5.2526E-01  1.0000E-12       2 cggo2
    7   F    2.6758E-14  5.2526E-01  1.0000E-12       2 cggo2
         2 cggo2   : iteration#    8   F    2.6758E-14  5.2526E-01  1.0000E-12    | diagonal = T 

         2   32    5    9   45    32000 1.000E+00 1.000E-06 3.141E-10 6.291E-10 0.000E+00 5.657E-10 0.000E+00 0.000E+00 2.236E+00 3.49E-05 CPU: L2  
         2   32    5    9   45    32000 1.000E+00 1.000E-06 3.931E-09 7.757E-09 0.000E+00 1.252E-09 0.000E+00 0.000E+00 2.236E+00 3.49E-05 CPU: Linf
 yyyyyyy ssss
 yyyyyyy ssss
    1 1.00000E-12 4.55036E-01 1.90073E+00 2.39400E-01       3 gmres_mg
    2 1.00000E-12 1.45692E-01 1.90073E+00 7.66501E-02       3 gmres_mg
    3 1.00000E-12 3.77043E-02 1.90073E+00 1.98367E-02       3 gmres_mg
    4 1.00000E-12 1.29093E-02 1.90073E+00 6.79177E-03       3 gmres_mg
    5 1.00000E-12 3.73443E-03 1.90073E+00 1.96473E-03       3 gmres_mg
    6 1.00000E-12 1.29189E-03 1.90073E+00 6.79680E-04       3 gmres_mg
    7 1.00000E-12 5.10709E-04 1.90073E+00 2.68690E-04       3 gmres_mg
    8 1.00000E-12 2.14540E-04 1.90073E+00 1.12872E-04       3 gmres_mg
    9 1.00000E-12 5.91411E-05 1.90073E+00 3.11149E-05       3 gmres_mg
   10 1.00000E-12 1.90368E-05 1.90073E+00 1.00155E-05       3 gmres_mg
   11 1.00000E-12 7.19714E-06 1.90073E+00 3.78651E-06       3 gmres_mg
   12 1.00000E-12 2.57742E-06 1.90073E+00 1.35601E-06       3 gmres_mg
   13 1.00000E-12 9.54970E-07 1.90073E+00 5.02422E-07       3 gmres_mg
   14 1.00000E-12 3.79656E-07 1.90073E+00 1.99742E-07       3 gmres_mg
   15 1.00000E-12 1.47941E-07 1.90073E+00 7.78338E-08       3 gmres_mg
   16 1.00000E-12 5.87014E-08 1.90073E+00 3.08835E-08       3 gmres_mg
   17 1.00000E-12 2.03905E-08 1.90073E+00 1.07277E-08       3 gmres_mg
   18 1.00000E-12 7.45746E-09 1.90073E+00 3.92346E-09       3 gmres_mg
   19 1.00000E-12 3.02199E-09 1.90073E+00 1.58991E-09       3 gmres_mg
   20 1.00000E-12 1.07425E-09 1.90073E+00 5.65177E-10       3 gmres_mg
   21 1.00000E-12 3.91293E-10 1.90073E+00 2.05864E-10       3 gmres_mg
   22 1.00000E-12 1.49157E-10 1.90073E+00 7.84733E-11       3 gmres_mg
   23 1.00000E-12 5.65865E-11 1.90073E+00 2.97709E-11       3 gmres_mg
   24 1.00000E-12 2.28999E-11 1.90073E+00 1.20479E-11       3 gmres_mg
   25 1.00000E-12 8.14632E-12 1.90073E+00 4.28588E-12       3 gmres_mg
   26 1.00000E-12 3.09925E-12 1.90073E+00 1.63056E-12       3 gmres_mg
   27 1.00000E-12 1.14360E-12 1.90073E+00 6.01663E-13       3 gmres_mg
   28 1.00000E-12 3.84747E-13 1.90073E+00 2.02420E-13       3 gmres_mg
\n         3 gmres_mg: iteration#   28  3.8475E-13  1.0000E-12  1.9007E+00  0.0000E+00  6.4570E-01
    0   F    2.6263E-01  2.6263E-01  1.0000E-12       3 cggo2
    1   F    2.4159E-03  2.6263E-01  1.0000E-12       3 cggo2
    2   F    2.4698E-05  2.6263E-01  1.0000E-12       3 cggo2
    3   F    3.7964E-07  2.6263E-01  1.0000E-12       3 cggo2
    4   F    5.0015E-09  2.6263E-01  1.0000E-12       3 cggo2
    5   F    7.1389E-11  2.6263E-01  1.0000E-12       3 cggo2
    6   F    8.7921E-13  2.6263E-01  1.0000E-12       3 cggo2
         3 cggo2   : iteration#    7   F    8.7921E-13  2.6263E-01  1.0000E-12    | diagonal = T 
    0   F    5.2527E-01  5.2527E-01  1.0000E-12       3 cggo2
    1   F    4.8318E-03  5.2527E-01  1.0000E-12       3 cggo2
    2   F    4.9396E-05  5.2527E-01  1.0000E-12       3 cggo2
    3   F    7.5928E-07  5.2527E-01  1.0000E-12       3 cggo2
    4   F    1.0003E-08  5.2527E-01  1.0000E-12       3 cggo2
    5   F    1.4278E-10  5.2527E-01  1.0000E-12       3 cggo2
    6   F    1.7584E-12  5.2527E-01  1.0000E-12       3 cggo2
    7   F    2.6758E-14  5.2527E-01  1.0000E-12       3 cggo2
         3 cggo2   : iteration#    8   F    2.6758E-14  5.2527E-01  1.0000E-12    | diagonal = T 

         3   32    5    9   45    32000 1.000E+00 1.000E-06 4.690E-10 9.392E-10 0.000E+00 5.657E-10 0.000E+00 0.000E+00 3.003E+00 3.13E-05 CPU: L2  
         3   32    5    9   45    32000 1.000E+00 1.000E-06 5.851E-09 1.155E-08 0.000E+00 1.252E-09 0.000E+00 0.000E+00 3.003E+00 3.13E-05 CPU: Linf
 yyyyyyy ssss
 yyyyyyy ssss
    1 1.00000E-12 4.55036E-01 1.90074E+00 2.39400E-01       4 gmres_mg
    2 1.00000E-12 1.45692E-01 1.90074E+00 7.66501E-02       4 gmres_mg
    3 1.00000E-12 3.77044E-02 1.90074E+00 1.98367E-02       4 gmres_mg
    4 1.00000E-12 1.29094E-02 1.90074E+00 6.79177E-03       4 gmres_mg
    5 1.00000E-12 3.73444E-03 1.90074E+00 1.96473E-03       4 gmres_mg
    6 1.00000E-12 1.29189E-03 1.90074E+00 6.79680E-04       4 gmres_mg
    7 1.00000E-12 5.10710E-04 1.90074E+00 2.68690E-04       4 gmres_mg
    8 1.00000E-12 2.14540E-04 1.90074E+00 1.12872E-04       4 gmres_mg
    9 1.00000E-12 5.91412E-05 1.90074E+00 3.11149E-05       4 gmres_mg
   10 1.00000E-12 1.90368E-05 1.90074E+00 1.00155E-05       4 gmres_mg
   11 1.00000E-12 7.19715E-06 1.90074E+00 3.78651E-06       4 gmres_mg
   12 1.00000E-12 2.57742E-06 1.90074E+00 1.35601E-06       4 gmres_mg
   13 1.00000E-12 9.54971E-07 1.90074E+00 5.02422E-07       4 gmres_mg
   14 1.00000E-12 3.79657E-07 1.90074E+00 1.99742E-07       4 gmres_mg
   15 1.00000E-12 1.47942E-07 1.90074E+00 7.78338E-08       4 gmres_mg
   16 1.00000E-12 5.87015E-08 1.90074E+00 3.08835E-08       4 gmres_mg
   17 1.00000E-12 2.03905E-08 1.90074E+00 1.07277E-08       4 gmres_mg
   18 1.00000E-12 7.45747E-09 1.90074E+00 3.92346E-09       4 gmres_mg
   19 1.00000E-12 3.02200E-09 1.90074E+00 1.58991E-09       4 gmres_mg
   20 1.00000E-12 1.07425E-09 1.90074E+00 5.65177E-10       4 gmres_mg
   21 1.00000E-12 3.91294E-10 1.90074E+00 2.05864E-10       4 gmres_mg
   22 1.00000E-12 1.49157E-10 1.90074E+00 7.84733E-11       4 gmres_mg
   23 1.00000E-12 5.65866E-11 1.90074E+00 2.97709E-11       4 gmres_mg
   24 1.00000E-12 2.28999E-11 1.90074E+00 1.20479E-11       4 gmres_mg
   25 1.00000E-12 8.14633E-12 1.90074E+00 4.28588E-12       4 gmres_mg
   26 1.00000E-12 3.09922E-12 1.90074E+00 1.63053E-12       4 gmres_mg
   27 1.00000E-12 1.14347E-12 1.90074E+00 6.01595E-13       4 gmres_mg
   28 1.00000E-12 3.84383E-13 1.90074E+00 2.02228E-13       4 gmres_mg
\n         4 gmres_mg: iteration#   28  3.8438E-13  1.0000E-12  1.9007E+00  0.0000E+00  6.1667E-01
    0   F    2.6263E-01  2.6263E-01  1.0000E-12       4 cggo2
    1   F    2.4159E-03  2.6263E-01  1.0000E-12       4 cggo2
    2   F    2.4698E-05  2.6263E-01  1.0000E-12       4 cggo2
    3   F    3.7964E-07  2.6263E-01  1.0000E-12       4 cggo2
    4   F    5.0015E-09  2.6263E-01  1.0000E-12       4 cggo2
    5   F    7.1389E-11  2.6263E-01  1.0000E-12       4 cggo2
    6   F    8.7921E-13  2.6263E-01  1.0000E-12       4 cggo2
         4 cggo2   : iteration#    7   F    8.7921E-13  2.6263E-01  1.0000E-12    | diagonal = T 
    0   F    5.2527E-01  5.2527E-01  1.0000E-12       4 cggo2
    1   F    4.8318E-03  5.2527E-01  1.0000E-12       4 cggo2
    2   F    4.9396E-05  5.2527E-01  1.0000E-12       4 cggo2
    3   F    7.5928E-07  5.2527E-01  1.0000E-12       4 cggo2
    4   F    1.0003E-08  5.2527E-01  1.0000E-12       4 cggo2
    5   F    1.4278E-10  5.2527E-01  1.0000E-12       4 cggo2
    6   F    1.7584E-12  5.2527E-01  1.0000E-12       4 cggo2
    7   F    2.6758E-14  5.2527E-01  1.0000E-12       4 cggo2
         4 cggo2   : iteration#    8   F    2.6758E-14  5.2527E-01  1.0000E-12    | diagonal = T 

         4   32    5    9   45    32000 1.000E+00 1.000E-06 6.224E-10 1.246E-09 0.000E+00 5.657E-10 0.000E+00 0.000E+00 3.734E+00 2.92E-05 CPU: L2  
         4   32    5    9   45    32000 1.000E+00 1.000E-06 7.740E-09 1.528E-08 0.000E+00 1.252E-09 0.000E+00 0.000E+00 3.734E+00 2.92E-05 CPU: Linf
 yyyyyyy ssss
 yyyyyyy ssss
    1 1.00000E-12 4.55037E-01 1.90074E+00 2.39400E-01       5 gmres_mg
    2 1.00000E-12 1.45692E-01 1.90074E+00 7.66501E-02       5 gmres_mg
    3 1.00000E-12 3.77044E-02 1.90074E+00 1.98367E-02       5 gmres_mg
    4 1.00000E-12 1.29094E-02 1.90074E+00 6.79177E-03       5 gmres_mg
    5 1.00000E-12 3.73444E-03 1.90074E+00 1.96473E-03       5 gmres_mg
    6 1.00000E-12 1.29189E-03 1.90074E+00 6.79680E-04       5 gmres_mg
    7 1.00000E-12 5.10710E-04 1.90074E+00 2.68690E-04       5 gmres_mg
    8 1.00000E-12 2.14540E-04 1.90074E+00 1.12872E-04       5 gmres_mg
    9 1.00000E-12 5.91413E-05 1.90074E+00 3.11149E-05       5 gmres_mg
   10 1.00000E-12 1.90368E-05 1.90074E+00 1.00155E-05       5 gmres_mg
   11 1.00000E-12 7.19716E-06 1.90074E+00 3.78651E-06       5 gmres_mg
   12 1.00000E-12 2.57742E-06 1.90074E+00 1.35601E-06       5 gmres_mg
   13 1.00000E-12 9.54973E-07 1.90074E+00 5.02422E-07       5 gmres_mg
   14 1.00000E-12 3.79657E-07 1.90074E+00 1.99742E-07       5 gmres_mg
   15 1.00000E-12 1.47942E-07 1.90074E+00 7.78338E-08       5 gmres_mg
   16 1.00000E-12 5.87015E-08 1.90074E+00 3.08835E-08       5 gmres_mg
   17 1.00000E-12 2.03905E-08 1.90074E+00 1.07277E-08       5 gmres_mg
   18 1.00000E-12 7.45748E-09 1.90074E+00 3.92346E-09       5 gmres_mg
   19 1.00000E-12 3.02200E-09 1.90074E+00 1.58991E-09       5 gmres_mg
   20 1.00000E-12 1.07425E-09 1.90074E+00 5.65177E-10       5 gmres_mg
   21 1.00000E-12 3.91294E-10 1.90074E+00 2.05864E-10       5 gmres_mg
   22 1.00000E-12 1.49157E-10 1.90074E+00 7.84733E-11       5 gmres_mg
   23 1.00000E-12 5.65870E-11 1.90074E+00 2.97711E-11       5 gmres_mg
   24 1.00000E-12 2.29004E-11 1.90074E+00 1.20482E-11       5 gmres_mg
   25 1.00000E-12 8.14659E-12 1.90074E+00 4.28601E-12       5 gmres_mg
   26 1.00000E-12 3.09931E-12 1.90074E+00 1.63058E-12       5 gmres_mg
   27 1.00000E-12 1.14391E-12 1.90074E+00 6.01823E-13       5 gmres_mg
   28 1.00000E-12 3.86476E-13 1.90074E+00 2.03329E-13       5 gmres_mg
\n         5 gmres_mg: iteration#   28  3.8648E-13  1.0000E-12  1.9007E+00  0.0000E+00  6.0535E-01
    0   F    2.6263E-01  2.6263E-01  1.0000E-12       5 cggo2
    1   F    2.4159E-03  2.6263E-01  1.0000E-12       5 cggo2
    2   F    2.4698E-05  2.6263E-01  1.0000E-12       5 cggo2
    3   F    3.7964E-07  2.6263E-01  1.0000E-12       5 cggo2
    4   F    5.0015E-09  2.6263E-01  1.0000E-12       5 cggo2
    5   F    7.1390E-11  2.6263E-01  1.0000E-12       5 cggo2
    6   F    8.7921E-13  2.6263E-01  1.0000E-12       5 cggo2
         5 cggo2   : iteration#    7   F    8.7921E-13  2.6263E-01  1.0000E-12    | diagonal = T 
    0   F    5.2527E-01  5.2527E-01  1.0000E-12       5 cggo2
    1   F    4.8318E-03  5.2527E-01  1.0000E-12       5 cggo2
    2   F    4.9396E-05  5.2527E-01  1.0000E-12       5 cggo2
    3   F    7.5928E-07  5.2527E-01  1.0000E-12       5 cggo2
    4   F    1.0003E-08  5.2527E-01  1.0000E-12       5 cggo2
    5   F    1.4278E-10  5.2527E-01  1.0000E-12       5 cggo2
    6   F    1.7584E-12  5.2527E-01  1.0000E-12       5 cggo2
    7   F    2.6758E-14  5.2527E-01  1.0000E-12       5 cggo2
         5 cggo2   : iteration#    8   F    2.6758E-14  5.2527E-01  1.0000E-12    | diagonal = T 

         5   32    5    9   45    32000 1.000E+00 1.000E-06 7.744E-10 1.551E-09 0.000E+00 5.657E-10 0.000E+00 0.000E+00 4.459E+00 2.79E-05 CPU: L2  
         5   32    5    9   45    32000 1.000E+00 1.000E-06 9.600E-09 1.895E-08 0.000E+00 1.252E-09 0.000E+00 0.000E+00 4.459E+00 2.79E-05 CPU: Linf
 yyyyyyy ssss
 yyyyyyy ssss
\n         6 gmres_mg: iteration#   28  3.8447E-13  1.0000E-12  1.9007E+00  0.0000E+00  6.0084E-01
         6 cggo2   : iteration#    7   F    8.7921E-13  2.6263E-01  1.0000E-12    | diagonal = T 
         6 cggo2   : iteration#    8   F    2.6758E-14  5.2527E-01  1.0000E-12    | diagonal = T 

         6   32    5    9   45    32000 1.000E+00 1.000E-06 9.250E-10 1.852E-09 0.000E+00 5.657E-10 0.000E+00 0.000E+00 5.170E+00 2.69E-05 CPU: L2  
         6   32    5    9   45    32000 1.000E+00 1.000E-06 1.143E-08 2.257E-08 0.000E+00 1.252E-09 0.000E+00 0.000E+00 5.170E+00 2.69E-05 CPU: Linf
 yyyyyyy ssss
 yyyyyyy ssss
\n         7 gmres_mg: iteration#   28  3.8548E-13  1.0000E-12  1.9007E+00  0.0000E+00  6.2632E-01
         7 cggo2   : iteration#    7   F    8.7921E-13  2.6263E-01  1.0000E-12    | diagonal = T 
         7 cggo2   : iteration#    8   F    2.6758E-14  5.2527E-01  1.0000E-12    | diagonal = T 

         7   32    5    9   45    32000 1.000E+00 1.000E-06 1.074E-09 2.151E-09 0.000E+00 5.657E-10 0.000E+00 0.000E+00 5.917E+00 2.64E-05 CPU: L2  
         7   32    5    9   45    32000 1.000E+00 1.000E-06 1.323E-08 2.613E-08 0.000E+00 1.251E-09 0.000E+00 0.000E+00 5.917E+00 2.64E-05 CPU: Linf
 yyyyyyy ssss
 yyyyyyy ssss
\n         8 gmres_mg: iteration#   28  3.8405E-13  1.0000E-12  1.9007E+00  0.0000E+00  6.3474E-01
         8 cggo2   : iteration#    7   F    8.7922E-13  2.6263E-01  1.0000E-12    | diagonal = T 
         8 cggo2   : iteration#    8   F    2.6758E-14  5.2527E-01  1.0000E-12    | diagonal = T 

         8   32    5    9   45    32000 1.000E+00 1.000E-06 1.222E-09 2.447E-09 0.000E+00 5.657E-10 0.000E+00 0.000E+00 6.688E+00 2.61E-05 CPU: L2  
         8   32    5    9   45    32000 1.000E+00 1.000E-06 1.501E-08 2.963E-08 0.000E+00 1.251E-09 0.000E+00 0.000E+00 6.688E+00 2.61E-05 CPU: Linf
 yyyyyyy ssss
 yyyyyyy ssss
\n         9 gmres_mg: iteration#   28  3.8399E-13  1.0000E-12  1.9007E+00  0.0000E+00  6.3634E-01
         9 cggo2   : iteration#    7   F    8.7922E-13  2.6263E-01  1.0000E-12    | diagonal = T 
         9 cggo2   : iteration#    8   F    2.6758E-14  5.2527E-01  1.0000E-12    | diagonal = T 

         9   32    5    9   45    32000 1.000E+00 1.000E-06 1.369E-09 2.740E-09 0.000E+00 5.657E-10 0.000E+00 0.000E+00 7.441E+00 2.58E-05 CPU: L2  
         9   32    5    9   45    32000 1.000E+00 1.000E-06 1.675E-08 3.308E-08 0.000E+00 1.251E-09 0.000E+00 0.000E+00 7.441E+00 2.58E-05 CPU: Linf
 yyyyyyy ssss
 yyyyyyy ssss
\n        10 gmres_mg: iteration#   28  3.8403E-13  1.0000E-12  1.9008E+00  0.0000E+00  6.3932E-01
        10 cggo2   : iteration#    7   F    8.7922E-13  2.6264E-01  1.0000E-12    | diagonal = T 
        10 cggo2   : iteration#    8   F    2.6758E-14  5.2527E-01  1.0000E-12    | diagonal = T 

        10   32    5    9   45    32000 1.000E+00 1.000E-06 1.514E-09 3.031E-09 0.000E+00 5.657E-10 0.000E+00 0.000E+00 8.217E+00 2.57E-05 CPU: L2  
        10   32    5    9   45    32000 1.000E+00 1.000E-06 1.847E-08 3.648E-08 0.000E+00 1.251E-09 0.000E+00 0.000E+00 8.217E+00 2.57E-05 CPU: Linf
Output files will be in local dir ./vtk

 IFSE=T, IFDG=T IFNEDELEC=F, IFCG=F, IFGMRES=F, IFDIRECT=F, IFGFDM=T, IFGFDMDD=F, IFFDM=T, IFSEMG=T
 SRC=T, TM=F, TE=T, CENTRAL=F, UPWIND=T, PML=F, PEC=T EIG=F, EXP=F, RK45=F, RK4=F, RK3=F, RK2=FSIM5=F, SIM4=F, SIM3=F, SIM2=F, SIM1=F, BDF1=T, BDF2=F
 DEALIAS=F, SCAT=F, SFTF=F, NM=F, DIELEC=F, FILTER=F, SOL=T, POISSON=F, DRUDE=F, LORENTZ=F, HYDRO=F, DRIFT=T, EXCT=F, INHOM=T, Dealias_M=  1, Krylov_Dim=  1\n
rank 0 getfilename (and create dir if non-exist) takes 0.000009 sec.
**************************************
I/O time (io_step=2) stats: overall avg = 0.030257 sec, min = 0.028305 sec, max = 0.035230 sec (io_max = 0.000000 sec, file_io_max = 0.000000 sec, wtick=0.000001 sec),checkpoint file path is ./vtk, machine is Unknown machine name (Use 2.0GHz), io_option = 4, num_groups = 0 (DEBUG_FLAG=0, COMPUTE_TRACE_FLAG=0).
**************************************
 \n Preprocessor options::  

 IFSE=T, IFDG=T IFNEDELEC=F, IFCG=F, IFGMRES=F, IFDIRECT=F, IFGFDM=T, IFGFDMDD=F, IFFDM=T, IFSEMG=T
 SRC=T, TM=F, TE=T, CENTRAL=F, UPWIND=T, PML=F, PEC=T EIG=F, EXP=F, RK45=F, RK4=F, RK3=F, RK2=FSIM5=F, SIM4=F, SIM3=F, SIM2=F, SIM1=F, BDF1=T, BDF2=F
 DEALIAS=F, SCAT=F, SFTF=F, NM=F, DIELEC=F, FILTER=F, SOL=T, POISSON=F, DRUDE=F, LORENTZ=F, HYDRO=F, DRIFT=T, EXCT=F, INHOM=T, Dealias_M=  1, Krylov_Dim=  1\n
 \n
 setup: time2/time1/time2-time1:: 1.4703E+09 1.4703E+09 2.2102E-01 sec 
 solve: time2/time1/time2-time1:: 1.4703E+09 1.4703E+09 8.4513E+00 sec 
 total: time2/time1/time2-time1:: 1.4703E+09 1.4703E+09 8.6724E+00 sec 
 \n
 ===============================================================
    Job successfully completed !!!!   
 ===============================================================
 time meausures over np =           4
 setup  time (avg/nid0/max):: 2.2100E-01 2.2102E-01 2.2108E-01 sec 
 solve  time (avg/nid0/max):: 8.4513E+00 8.4513E+00 8.4514E+00 sec 
 total  time (avg/nid0/max):: 8.6723E+00 8.6724E+00 8.6725E+00 sec 
 ===============================================================
  total time measures (CPU + OMP + GPU)
    total computation         :: 8.2190E+00 sec 
    total communication       :: 0.0000E+00 sec 
    total io time             :: 7.6973E-02 sec 
    total userchk time        :: 1.0883E-02 sec 
    total computation/step    :: 8.2190E-01 sec 
    total communication /step :: 0.0000E+00 sec 
    total io time       /step :: 3.8487E-02 sec 
    computation time/step/pts :: 2.5684E-05 sec 
    io          time/step/pts :: 1.2027E-06 sec 
    io          swaptime      :: 0.0000E+00 sec 
    io/comp     time/step/pts):: 4.6827E-02 %   
    communication/computation :: 0.0000E+00 %   
 ===============================================================
  
call exitt: dying ...
  
  
total elapsed time             :   1.47032E+09 sec
total solver time incl. I/O    :   0.00000E+00 sec
time/timestep                  :   0.00000E+00 sec
CPU seconds/timestep/gridpt    :   0.00000E+00 sec

