Warning: no access to tty (Bad file descriptor).
Thus no job control in this shell.
/----------------------------------------------------------\
|      _   __ ______ __ __  ______  ______   __  _____     |
|     / | / // ____// //_/ / ____/ / __ _ / / _|/ __  /    |
|    /  |/ // __/  / ,<   / /     / /__/   / / / / / /     |
|   / /|  // /___ / /| | / /_ _  / /___   /_/ / / / /      |
|  /_/ |_//_____//_/ |_|/_____/ /______/ /_/ /_/ /_/       |
|                                                          |
|----------------------------------------------------------|
|                                                          |
| NekCEM :  Nek5000 for Computational ElectroMagnetics     |
|           Open Source Spectal Element DG Maxwell Solver  |
| Source :  https://svn.mcs.anl.gov/repos/NEKCEM           |
|                                                          |
\----------------------------------------------------------/
                                                              

 MPI_thread safety check: required=    3, provided=*****
 Number of processors:            8
 REAL    wdsize      :            8
 INTEGER wdsize      :            4
 call data_init2
 IFCEM=   T
 
 Preprocessor options::  
   MOAB off at compile time
   MPI on: -DNO_MPI not defined
   GPU on with -DGPU
   GPU on with OpenACC
   OpenMP off: -DOMP not defined
 
 Mesh options:: 
   IFHEX=   T  (hexahedral )
   IFTET=   F  (tetrahedral)
 
 Available basis:: 
   IFDG     =   T  (SEDG   )
   IFNEDELEC=   F  (Nedelec)


  Beginning session:
  /lustre/atlas/proj-shared/nti017/mmin/NEKCEM/trunk/examples/E10-comm/box.rea  

 
 done: data_init2::   4.5487880706787109E-003  sec
 call read_init2
 timer accuracy:   9.5367432E-08 sec

 read .rea file
 read .re2 file
 byte swap:  F    6.543210      -2.9312772E+35
 nelgt/nelgv/lelt:     1000     1000      125
 lx1  /lx2  /lx3 :       16       16       16
 call   mapelpr, mapping elements to processors
 call   set_proc_map()
 ifgtp/gfdm/zper  F  F  F
 get_vert, ncrnr=            8
 ifgfdm  F
            0          125          125         1000         1000  NELV
            4          125          125         1000         1000  NELV
            1          125          125         1000         1000  NELV
            7          125          125         1000         1000  NELV
            2          125          125         1000         1000  NELV
            6          125          125         1000         1000  NELV
            3          125          125         1000         1000  NELV
            5          125          125         1000         1000  NELV
 done:: set_proc_map()
 RANK     0 IEG     551     552     553     554     555     561     562     563
                    564     565     571     572     573     574     575     581
                    582     583     584     585     591     592     593     594
                    595     651     652     653     654     655     661     662
                    663     664     665     671     672     673     674     675
                    681     682     683     684     685     691     692     693
                    694     695     751     752     753     754     755     761
                    762     763     764     765     771     772     773     774
                    775     781     782     783     784     785     791     792
                    793     794     795     851     852     853     854     855
                    861     862     863     864     865     871     872     873
                    874     875     881     882     883     884     885     891
                    892     893     894     895     951     952     953     954
                    955     961     962     963     964     965     971     972
                    973     974     975     981     982     983     984     985
                    991     992     993     994     995
 element load imbalance:             0          125          125
 done :: mapelpr, mapping elements to processors

 gfdm/ifgtp/ifre2  F  F  T
   reading mesh 
   reading curved sides 
   reading bc for ifld            1
 done :: read .re2 file
  
 done :: close .rea file   0.41321E-01 sec

 done: readat2 ::   4.1344881057739258E-002  sec
 call para_init2
 done: para_init2
 setup mesh topology
   Right-handed check complete for1000 elements. OK.
            0          125         3750          750  Fgbtuple           16
   setvert3d:  16      631000     3375000      631000      631000
   call usrsetvert
   done :: usrsetvert

gs_setup: 133208 unique labels shared
   pairwise times (avg, min, max): 9.46194e-05 9.17912e-05 9.5892e-05
   crystal router                : 0.00285054 0.00284979 0.00285141
   used all_to_all method: pairwise
   setup_ds time 3.2838E-01 seconds   0 16      631000        1000
 setup_dgds2:: init
            0          125         3750          750  Fgbtuple           18
   setvert3d:  18      817000     4913000      817000      817000
   call usrsetvert
   done :: usrsetvert

 set_vert time:: 1.1239E-02 seconds 
   gs_setup time:: 9.5367E-07 seconds 
gs_setup: 153600 unique labels shared
   pairwise times (avg, min, max): 9.25004e-05 9.11951e-05 9.33886e-05
   crystal router                : 0.00315114 0.00315049 0.00315161
   used all_to_all method: pairwise
gs_setup: 153600 unique labels shared
   pairwise times (avg, min, max): 0.00012078 0.000118685 0.00012188
   crystal router                : 0.00315896 0.00315831 0.00315928
   used all_to_all method: pairwise
 setup_dsdg2 time:: 7.3038E-01 seconds   1 16      817000        1000
 done :: setup mesh topology
 .
            8  max multiplicity
 npts/nelt/nxyz/nxzfl       512000          125         4096       192000
 call usrdat
 done :: usrdat

 call set_options
 IFMAXWELL     T
 IFSCHROD      F
 IFDRIFT       F
 IFDRUDE       F
 IFLOREN       F
 IFBEAM        F
 IFWAKE        F
 IFMOVW        F
 IFFILTER      F
 IFNAPY        F
 IFWAKET       F
 IFVARDT       F
 IFPBG         F
 IFDIELEC      F
 IFPOISSON     F
 IFGMRES       T
 IFCG          F
 IFIC          F
 IFSOL         T
 IFSRC         F
 IFSCAT        F
 IFSFTF        F
 IFCENTRAL     F
 IFUPWIND      T
 IFDEALIAS     F
 IFTM          F
 IFTE          T
 IFEIG         F
 IFEXP         F
 IFRK45        T
 IFRK44        F
 IFRK33        F
 IFRK22        F
 IFSIM5        F
 IFSIM4        F
 IFSIM3        F
 IFSIM2        F
 IFSIM1        F
 IFDTCTL       F
 IFPEC         F
 IFINHOM       F
 IFPML         F
 IFDTN         F
 IFNM          F
 IFRESTART     F
 
 cspeed   =    1.000000000000000     
 permit_0 =    1.000000000000000     
 permea_0 =    1.000000000000000     
 nmscale  =    1.000000000000000     
 
 done :: set_options

 call setlog
 IFSTRS =  F
 IFCHAR =  F
 IFAXIS =  F
 IFMVBD =  F
 IFMELT =  F
 IFMODEL=  F
 IFKEPS =  F
   
 IFVCOR =  T
 IFINTQ =  F
 IFCWUZ =  F
 IFSWALL=  F
 IFGEOM =  F
 IFSURT =  F
 IFWCNO =  F
 IFCEM  =  T
   
 IFADVC for field            1    =   F
 IFNONL for field            1    =   F
 done :: setlog

 call gengeom
 genwz
 gencoor
 geom1
 Vol:    7.999999999999350         7.999999999999350     
 volumn
 setdef
 done :: generate geomerty data
  
 done :: gengeom

 call usrdat2
 done :: usrdat2

 call geom_reset
 this is bm2:   6.6812304692623504E-007
 Vol:    248.0502134424105         248.0502134424105     
 done :: geom_reset

 call set_unr   
 done :: set_unr

  Mesh consistency check, OK.
 call load_semhat_weighted
 done :: load_semhat_weighted

 dofs:                  3375000      4096000        43000
 
 Preprocessor options::  
   hpm off: -DHPM not defined
 

 IFMAXWELL     T
 IFSCHROD      F
 IFDRIFT       F
 IFDRUDE       F
 IFLOREN       F
 IFBEAM        F
 IFWAKE        F
 IFMOVW        F
 IFFILTER      F
 IFNAPY        F
 IFWAKET       F
 IFVARDT       F
 IFPBG         F
 IFDIELEC      F
 IFPOISSON     F
 IFGMRES       T
 IFCG          F
 IFIC          F
 IFSOL         T
 IFSRC         F
 IFSCAT        F
 IFSFTF        F
 IFCENTRAL     F
 IFUPWIND      T
 IFDEALIAS     F
 IFTM          F
 IFTE          T
 IFEIG         F
 IFEXP         F
 IFRK45        T
 IFRK44        F
 IFRK33        F
 IFRK22        F
 IFSIM5        F
 IFSIM4        F
 IFSIM3        F
 IFSIM2        F
 IFSIM1        F
 IFDTCTL       F
 IFPEC         F
 IFINHOM       F
 IFPML         F
 IFDTN         F
 IFNM          F
 IFRESTART     F
 
 cspeed   =    1.000000000000000     
 permit_0 =    1.000000000000000     
 permea_0 =    1.000000000000000     
 nmscale  =    1.000000000000000     
 
 start: initialize geom and fields
 done: initialization geom/fields
 start: cem_set_fc_ptr, volume index j=cemface(i)
 done: cem_set_fc_ptr, ncemface=        192000
 npts       512000           16           16           16          125
 permit_max=    1.000000000000000     
 permit_min=    1.000000000000000     
 permea_max=    1.000000000000000     
 permea_min=    1.000000000000000     
 start: cem_maxwell_materials
 done: cem_maxwell_materials
 start: cem_alternatve_flux_ptr-> index setting
 done: cem_alternate_flux_ptr
 nid=0: gs_op_fields: single vector   1.2426853179931641E-002 sec
 nid=0: gs_op_fields: multi  vector   6.8869590759277344E-003 sec
 gs_op_fields: chose multi vector 
 done: inverse mass matrix
 
 dxmin=   1.5833543235964864E-002
 dt=   3.1667086471929731E-003 , CFL=   0.2000000000000000     
 IFDRIFT=  F
 usersol: done, IFSOL=  T
 userini: done, IFSOL=  T

    istep   nelt  nels  N  npt1    npts   time         dt     HXerr     HYerr     HZerr     EXerr     EYerr     EZerr    cpu_t   cpu_t_pts
         0  125   11   15  165   512000 0.000E+00 3.167E-03 0.000E+00 0.000E+00 0.000E+00 0.000E+00 0.000E+00 0.000E+00 0.000E+00 0.00E+00 CPU: L2  
         0  125   11   15  165   512000 0.000E+00 3.167E-03 0.000E+00 0.000E+00 0.000E+00 0.000E+00 0.000E+00 0.000E+00 0.000E+00 0.00E+00 CPU: Linf
 userchk: done, ifrestart=  F
 IFDOUBLE=  T
 param(81)=            0
 param(82)=            1
 param(83)=            0
 dumpno   =            0
 IFRK,IFSIM,IFBDF  T  F  F
 param(17): defined as     0.000000000000000     
 initial time=    0.000000000000000      , final time= 
   1.0000000000000000E+020
 total nsteps=          100
 iocomm=           50 , iostep=           50
 . 
 ============================
 ========  BEGIN RUN ========
 ============================
 istep=     1    to       100

    istep   nelt  nels  N  npt1    npts   time         dt     HXerr     HYerr     HZerr     EXerr     EYerr     EZerr    cpu_t   cpu_t_pts
         1  125   11   15  165   512000 3.167E-03 3.167E-03 1.022E-14 6.848E-15 3.443E-15 3.790E-15 4.064E-15 2.573E-15 9.584E-02 1.87E-07 CPU: L2  
         1  125   11   15  165   512000 3.167E-03 3.167E-03 5.730E-12 5.726E-12 1.387E-13 2.665E-12 2.727E-12 3.303E-12 9.584E-02 1.87E-07 CPU: Linf

    istep   nelt  nels  N  npt1    npts   time         dt     HXerr     HYerr     HZerr     EXerr     EYerr     EZerr    cpu_t   cpu_t_pts
         2  125   11   15  165   512000 6.333E-03 3.167E-03 1.828E-14 1.148E-14 6.992E-15 5.557E-15 6.828E-15 6.768E-15 1.814E-01 1.77E-07 CPU: L2  
         2  125   11   15  165   512000 6.333E-03 3.167E-03 8.409E-12 8.391E-12 6.042E-13 3.708E-12 3.758E-12 7.267E-12 1.814E-01 1.77E-07 CPU: Linf

    istep   nelt  nels  N  npt1    npts   time         dt     HXerr     HYerr     HZerr     EXerr     EYerr     EZerr    cpu_t   cpu_t_pts
         3  125   11   15  165   512000 9.500E-03 3.167E-03 2.511E-14 1.503E-14 1.076E-14 6.091E-15 8.604E-15 1.015E-14 2.667E-01 1.74E-07 CPU: L2  
         3  125   11   15  165   512000 9.500E-03 3.167E-03 8.891E-12 8.866E-12 1.057E-12 3.716E-12 3.732E-12 8.640E-12 2.667E-01 1.74E-07 CPU: Linf

    istep   nelt  nels  N  npt1    npts   time         dt     HXerr     HYerr     HZerr     EXerr     EYerr     EZerr    cpu_t   cpu_t_pts
         4  125   11   15  165   512000 1.267E-02 3.167E-03 3.164E-14 1.843E-14 1.471E-14 6.095E-15 9.529E-15 1.218E-14 3.524E-01 1.72E-07 CPU: L2  
         4  125   11   15  165   512000 1.267E-02 3.167E-03 8.468E-12 8.466E-12 1.310E-12 3.350E-12 3.365E-12 8.218E-12 3.524E-01 1.72E-07 CPU: Linf

    istep   nelt  nels  N  npt1    npts   time         dt     HXerr     HYerr     HZerr     EXerr     EYerr     EZerr    cpu_t   cpu_t_pts
         5  125   11   15  165   512000 1.583E-02 3.167E-03 3.832E-14 2.201E-14 1.871E-14 6.007E-15 9.814E-15 1.302E-14 4.377E-01 1.71E-07 CPU: L2  
         5  125   11   15  165   512000 1.583E-02 3.167E-03 8.451E-12 8.452E-12 1.433E-12 3.049E-12 3.060E-12 7.392E-12 4.377E-01 1.71E-07 CPU: Linf

    istep   nelt  nels  N  npt1    npts   time         dt     HXerr     HYerr     HZerr     EXerr     EYerr     EZerr    cpu_t   cpu_t_pts
         6  125   11   15  165   512000 1.900E-02 3.167E-03 4.524E-14 2.581E-14 2.266E-14 5.996E-15 9.761E-15 1.308E-14 5.233E-01 1.70E-07 CPU: L2  
         6  125   11   15  165   512000 1.900E-02 3.167E-03 8.395E-12 8.399E-12 1.705E-12 2.958E-12 2.966E-12 6.758E-12 5.233E-01 1.70E-07 CPU: Linf

    istep   nelt  nels  N  npt1    npts   time         dt     HXerr     HYerr     HZerr     EXerr     EYerr     EZerr    cpu_t   cpu_t_pts
         7  125   11   15  165   512000 2.217E-02 3.167E-03 5.233E-14 2.974E-14 2.652E-14 6.075E-15 9.665E-15 1.284E-14 6.089E-01 1.70E-07 CPU: L2  
         7  125   11   15  165   512000 2.217E-02 3.167E-03 8.600E-12 8.600E-12 2.086E-12 3.024E-12 3.031E-12 6.473E-12 6.089E-01 1.70E-07 CPU: Linf

    istep   nelt  nels  N  npt1    npts   time         dt     HXerr     HYerr     HZerr     EXerr     EYerr     EZerr    cpu_t   cpu_t_pts
         8  125   11   15  165   512000 2.533E-02 3.167E-03 5.950E-14 3.371E-14 3.030E-14 6.196E-15 9.696E-15 1.266E-14 6.942E-01 1.69E-07 CPU: L2  
         8  125   11   15  165   512000 2.533E-02 3.167E-03 9.243E-12 9.243E-12 2.474E-12 3.138E-12 3.147E-12 6.373E-12 6.942E-01 1.69E-07 CPU: Linf

    istep   nelt  nels  N  npt1    npts   time         dt     HXerr     HYerr     HZerr     EXerr     EYerr     EZerr    cpu_t   cpu_t_pts
         9  125   11   15  165   512000 2.850E-02 3.167E-03 6.668E-14 3.766E-14 3.402E-14 6.305E-15 9.883E-15 1.271E-14 7.797E-01 1.69E-07 CPU: L2  
         9  125   11   15  165   512000 2.850E-02 3.167E-03 1.002E-11 1.002E-11 2.880E-12 3.223E-12 3.234E-12 6.538E-12 7.797E-01 1.69E-07 CPU: Linf

    istep   nelt  nels  N  npt1    npts   time         dt     HXerr     HYerr     HZerr     EXerr     EYerr     EZerr    cpu_t   cpu_t_pts
        10  125   11   15  165   512000 3.167E-02 3.167E-03 7.383E-14 4.159E-14 3.772E-14 6.381E-15 1.020E-14 1.301E-14 8.653E-01 1.69E-07 CPU: L2  
        10  125   11   15  165   512000 3.167E-02 3.167E-03 1.083E-11 1.083E-11 3.311E-12 3.255E-12 3.267E-12 6.758E-12 8.653E-01 1.69E-07 CPU: Linf

    istep   nelt  nels  N  npt1    npts   time         dt     HXerr     HYerr     HZerr     EXerr     EYerr     EZerr    cpu_t   cpu_t_pts
        50  125   11   15  165   512000 1.583E-01 3.167E-03 3.483E-13 1.954E-13 1.860E-13 9.246E-15 8.010E-14 8.023E-14 4.282E+00 1.67E-07 CPU: L2  
        50  125   11   15  165   512000 1.583E-01 3.167E-03 3.346E-11 3.345E-11 2.222E-11 3.029E-12 3.717E-12 7.362E-12 4.282E+00 1.67E-07 CPU: Linf

 max timestep=      100; estimated remaining time (min)=      0.07

    istep   nelt  nels  N  npt1    npts   time         dt     HXerr     HYerr     HZerr     EXerr     EYerr     EZerr    cpu_t   cpu_t_pts
       100  125   11   15  165   512000 3.167E-01 3.167E-03 6.240E-13 3.556E-13 3.385E-13 2.853E-14 3.089E-13 3.068E-13 8.553E+00 1.67E-07 CPU: L2  
       100  125   11   15  165   512000 3.167E-01 3.167E-03 6.467E-11 6.465E-11 4.432E-11 7.242E-12 1.418E-11 2.046E-11 8.553E+00 1.67E-07 CPU: Linf

 max timestep=      100; estimated remaining time (min)=      0.00
 
 Preprocessor options::  
 
 IFSE=F, IFDG=T IFNEDELEC=F, IFCG=F, IFGMRES=T, IFDIRECT=F, IFGFDM=F
 SRC=F, TM=F, TE=T, CENTRAL=F, UPWIND=T, PML=F, PEC=F EIG=F, EXP=F, RK45=T, RK4=F, RK3=F, RK2=FSIM5=F, SIM4=F, SIM3=F, SIM2=F, SIM1=F, BDF1=F, BDF2=F
 DEALIAS=F, SCAT=F, SFTF=F, NM=F, DIELEC=F, FILTER=F, SOL=T, POISSON=F, DRUDE=F, LORENTZ=F, HYDRO=F, DRIFT=F, EXCT=F, INHOM=F, Dealias_M= 16, Krylov_Dim=  1

 

 setup: time2/time1/time2-time1:: 1.4024E+09 1.4024E+09 2.7385E+00 sec 
 solve: time2/time1/time2-time1:: 1.4024E+09 1.4024E+09 9.9312E+00 sec 
 total: time2/time1/time2-time1:: 1.4024E+09 1.4024E+09 1.2670E+01 sec 
 setup: wtime2/wtime1/wtime2-wtime1:: 0.0000E+00 0.0000E+00 0.0000E+00 sec 
 solve: wtime2/wtime1/wtime2-wtime1:: 0.0000E+00 0.0000E+00 0.0000E+00 sec 
 total: wtime2/wtime1/wtime2-wtime1:: 0.0000E+00 0.0000E+00 0.0000E+00 sec 
 

 ===============================================================
    Job successfully completed !!!!   
 ===============================================================
 time meausures over np =            8
 setup wtime (avg/nid0/max):: 0.0000E+00 0.0000E+00 0.0000E+00 sec 
 solve wtime (avg/nid0/max):: 0.0000E+00 0.0000E+00 0.0000E+00 sec 
 total wtime (avg/nid0/max):: 0.0000E+00 0.0000E+00 0.0000E+00 sec 
 setup  time (avg/nid0/max):: 2.7385E+00 2.7385E+00 2.7385E+00 sec 
 solve  time (avg/nid0/max):: 9.9312E+00 9.9312E+00 9.9312E+00 sec 
 total  time (avg/nid0/max):: 1.2670E+01 1.2670E+01 1.2670E+01 sec 
 ===============================================================
  total time measures (CPU + OMP + GPU)
    total computation         :: 8.5503E+00 sec 
    total communication       :: 2.5050E+00 sec 
    total io time             :: 0.0000E+00 sec 
    total userchk time        :: 1.2768E-02 sec 
    total computation/step    :: 8.5503E-02 sec 
    total communication /step :: 2.5050E-02 sec 
    total io time       /step :: 0.0000E+00 sec 
    computation time/step/pts :: 1.6700E-07 sec 
    io          time/step/pts :: 0.0000E+00 sec 
    io          swaptime      :: 0.0000E+00 sec 
    io/comp     time/step/pts):: 0.0000E+00 %   
    communication/computation :: 2.9298E+01 %   
 ===============================================================
 GPU: OpenACC is ON 
    total ACC computation     :: 8.5525E+00 sec 
    total ACC communication   :: 3.4148E+00 sec 
    ACC computation  /step    :: 8.5525E-02 sec 
    ACC communication/step    :: 3.4154E-02 sec 
 ===============================================================
    total CUDA computation    :: 0.0000E+00 sec 
    total CUDA communication  :: 0.0000E+00 sec 
    CUDA computation  /step   :: 0.0000E+00 sec 
    CUDA communication/step   :: 0.0000E+00 sec 
 ===============================================================
 

  
call exitt: dying ...
  
  
total elapsed time             :   1.40237E+09 sec
total solver time incl. I/O    :   4.42490-317 sec
time/timestep                  :   0.00000E+00 sec
CPU seconds/timestep/gridpt    :   0.00000E+00 sec

Application 5358570 resources: utime ~80s, stime ~24s, Rss ~763792, inblocks ~88552, outblocks ~138779
